

Started GET "/recipes/index" for ::1 at 2016-06-27 01:43:51 +0300
Processing by RecipesController#index as HTML
Completed 500 Internal Server Error in 33ms (ActiveRecord: 0.0ms)

NoMethodError (undefined method `default_params' for Recipe:Class):
  app/models/recipe.rb:3:in `<class:Recipe>'
  app/models/recipe.rb:1:in `<top (required)>'
  app/controllers/recipes_controller.rb:4:in `index'


  Rendered C:/Ruby/lib/ruby/gems/2.2.0/gems/actionpack-4.2.3/lib/action_dispatch/middleware/templates/rescues/_source.erb (1.0ms)
  Rendered C:/Ruby/lib/ruby/gems/2.2.0/gems/actionpack-4.2.3/lib/action_dispatch/middleware/templates/rescues/_trace.html.erb (3.0ms)
  Rendered C:/Ruby/lib/ruby/gems/2.2.0/gems/actionpack-4.2.3/lib/action_dispatch/middleware/templates/rescues/_request_and_response.html.erb (1.0ms)
  Rendered C:/Ruby/lib/ruby/gems/2.2.0/gems/actionpack-4.2.3/lib/action_dispatch/middleware/templates/rescues/diagnostics.html.erb within rescues/layout (1256.9ms)
  Rendered C:/Ruby/lib/ruby/gems/2.2.0/gems/web-console-2.3.0/lib/web_console/templates/_markup.html.erb (1.0ms)
  Rendered C:/Ruby/lib/ruby/gems/2.2.0/gems/web-console-2.3.0/lib/web_console/templates/_inner_console_markup.html.erb within layouts/inlined_string (1.0ms)
  Rendered C:/Ruby/lib/ruby/gems/2.2.0/gems/web-console-2.3.0/lib/web_console/templates/_prompt_box_markup.html.erb within layouts/inlined_string (1.0ms)
  Rendered C:/Ruby/lib/ruby/gems/2.2.0/gems/web-console-2.3.0/lib/web_console/templates/style.css.erb within layouts/inlined_string (0.0ms)
  Rendered C:/Ruby/lib/ruby/gems/2.2.0/gems/web-console-2.3.0/lib/web_console/templates/console.js.erb within layouts/javascript (1062.1ms)
  Rendered C:/Ruby/lib/ruby/gems/2.2.0/gems/web-console-2.3.0/lib/web_console/templates/main.js.erb within layouts/javascript (1.0ms)
  Rendered C:/Ruby/lib/ruby/gems/2.2.0/gems/web-console-2.3.0/lib/web_console/templates/error_page.js.erb within layouts/javascript (1.0ms)
  Rendered C:/Ruby/lib/ruby/gems/2.2.0/gems/web-console-2.3.0/lib/web_console/templates/index.html.erb (2449.2ms)


Started GET "/recipes/index" for ::1 at 2016-06-27 01:44:12 +0300
Processing by RecipesController#index as HTML
Completed 500 Internal Server Error in 4ms (ActiveRecord: 0.0ms)

NoMethodError (undefined method `default_params' for Recipe:Class):
  app/models/recipe.rb:5:in `<class:Recipe>'
  app/models/recipe.rb:3:in `<top (required)>'
  app/controllers/recipes_controller.rb:4:in `index'


  Rendered C:/Ruby/lib/ruby/gems/2.2.0/gems/actionpack-4.2.3/lib/action_dispatch/middleware/templates/rescues/_source.erb (1.0ms)
  Rendered C:/Ruby/lib/ruby/gems/2.2.0/gems/actionpack-4.2.3/lib/action_dispatch/middleware/templates/rescues/_trace.html.erb (3.0ms)
  Rendered C:/Ruby/lib/ruby/gems/2.2.0/gems/actionpack-4.2.3/lib/action_dispatch/middleware/templates/rescues/_request_and_response.html.erb (1.0ms)
  Rendered C:/Ruby/lib/ruby/gems/2.2.0/gems/actionpack-4.2.3/lib/action_dispatch/middleware/templates/rescues/diagnostics.html.erb within rescues/layout (1084.7ms)
  Rendered C:/Ruby/lib/ruby/gems/2.2.0/gems/web-console-2.3.0/lib/web_console/templates/_markup.html.erb (0.0ms)
  Rendered C:/Ruby/lib/ruby/gems/2.2.0/gems/web-console-2.3.0/lib/web_console/templates/_inner_console_markup.html.erb within layouts/inlined_string (1.0ms)
  Rendered C:/Ruby/lib/ruby/gems/2.2.0/gems/web-console-2.3.0/lib/web_console/templates/_prompt_box_markup.html.erb within layouts/inlined_string (0.0ms)
  Rendered C:/Ruby/lib/ruby/gems/2.2.0/gems/web-console-2.3.0/lib/web_console/templates/style.css.erb within layouts/inlined_string (1.0ms)
  Rendered C:/Ruby/lib/ruby/gems/2.2.0/gems/web-console-2.3.0/lib/web_console/templates/console.js.erb within layouts/javascript (981.7ms)
  Rendered C:/Ruby/lib/ruby/gems/2.2.0/gems/web-console-2.3.0/lib/web_console/templates/main.js.erb within layouts/javascript (0.0ms)
  Rendered C:/Ruby/lib/ruby/gems/2.2.0/gems/web-console-2.3.0/lib/web_console/templates/error_page.js.erb within layouts/javascript (0.0ms)
  Rendered C:/Ruby/lib/ruby/gems/2.2.0/gems/web-console-2.3.0/lib/web_console/templates/index.html.erb (2256.5ms)


Started GET "/recipes/index" for ::1 at 2016-06-27 01:44:55 +0300
Processing by RecipesController#index as HTML
Completed 500 Internal Server Error in 18ms (ActiveRecord: 0.0ms)

NoMethodError (undefined method `default_params' for Recipe:Class):
  app/models/recipe.rb:5:in `<class:Recipe>'
  app/models/recipe.rb:3:in `<top (required)>'
  app/controllers/recipes_controller.rb:4:in `index'


  Rendered C:/Ruby/lib/ruby/gems/2.2.0/gems/actionpack-4.2.3/lib/action_dispatch/middleware/templates/rescues/_source.erb (1.0ms)
  Rendered C:/Ruby/lib/ruby/gems/2.2.0/gems/actionpack-4.2.3/lib/action_dispatch/middleware/templates/rescues/_trace.html.erb (6.0ms)
  Rendered C:/Ruby/lib/ruby/gems/2.2.0/gems/actionpack-4.2.3/lib/action_dispatch/middleware/templates/rescues/_request_and_response.html.erb (1.0ms)
  Rendered C:/Ruby/lib/ruby/gems/2.2.0/gems/actionpack-4.2.3/lib/action_dispatch/middleware/templates/rescues/diagnostics.html.erb within rescues/layout (1177.8ms)
  Rendered C:/Ruby/lib/ruby/gems/2.2.0/gems/web-console-2.3.0/lib/web_console/templates/_markup.html.erb (0.0ms)
  Rendered C:/Ruby/lib/ruby/gems/2.2.0/gems/web-console-2.3.0/lib/web_console/templates/_inner_console_markup.html.erb within layouts/inlined_string (0.0ms)
  Rendered C:/Ruby/lib/ruby/gems/2.2.0/gems/web-console-2.3.0/lib/web_console/templates/_prompt_box_markup.html.erb within layouts/inlined_string (0.0ms)
  Rendered C:/Ruby/lib/ruby/gems/2.2.0/gems/web-console-2.3.0/lib/web_console/templates/style.css.erb within layouts/inlined_string (0.0ms)
  Rendered C:/Ruby/lib/ruby/gems/2.2.0/gems/web-console-2.3.0/lib/web_console/templates/console.js.erb within layouts/javascript (989.7ms)
  Rendered C:/Ruby/lib/ruby/gems/2.2.0/gems/web-console-2.3.0/lib/web_console/templates/main.js.erb within layouts/javascript (0.0ms)
  Rendered C:/Ruby/lib/ruby/gems/2.2.0/gems/web-console-2.3.0/lib/web_console/templates/error_page.js.erb within layouts/javascript (0.0ms)
  Rendered C:/Ruby/lib/ruby/gems/2.2.0/gems/web-console-2.3.0/lib/web_console/templates/index.html.erb (2276.5ms)


Started GET "/" for ::1 at 2016-06-27 01:45:03 +0300
Processing by RecipesController#index as HTML
Completed 500 Internal Server Error in 4ms (ActiveRecord: 0.0ms)

NoMethodError (undefined method `default_params' for Recipe:Class):
  app/models/recipe.rb:5:in `<class:Recipe>'
  app/models/recipe.rb:3:in `<top (required)>'
  app/controllers/recipes_controller.rb:4:in `index'


  Rendered C:/Ruby/lib/ruby/gems/2.2.0/gems/actionpack-4.2.3/lib/action_dispatch/middleware/templates/rescues/_source.erb (1.0ms)
  Rendered C:/Ruby/lib/ruby/gems/2.2.0/gems/actionpack-4.2.3/lib/action_dispatch/middleware/templates/rescues/_trace.html.erb (4.0ms)
  Rendered C:/Ruby/lib/ruby/gems/2.2.0/gems/actionpack-4.2.3/lib/action_dispatch/middleware/templates/rescues/_request_and_response.html.erb (1.0ms)
  Rendered C:/Ruby/lib/ruby/gems/2.2.0/gems/actionpack-4.2.3/lib/action_dispatch/middleware/templates/rescues/diagnostics.html.erb within rescues/layout (1075.7ms)
  Rendered C:/Ruby/lib/ruby/gems/2.2.0/gems/web-console-2.3.0/lib/web_console/templates/_markup.html.erb (0.0ms)
  Rendered C:/Ruby/lib/ruby/gems/2.2.0/gems/web-console-2.3.0/lib/web_console/templates/_inner_console_markup.html.erb within layouts/inlined_string (0.0ms)
  Rendered C:/Ruby/lib/ruby/gems/2.2.0/gems/web-console-2.3.0/lib/web_console/templates/_prompt_box_markup.html.erb within layouts/inlined_string (1.0ms)
  Rendered C:/Ruby/lib/ruby/gems/2.2.0/gems/web-console-2.3.0/lib/web_console/templates/style.css.erb within layouts/inlined_string (0.0ms)
  Rendered C:/Ruby/lib/ruby/gems/2.2.0/gems/web-console-2.3.0/lib/web_console/templates/console.js.erb within layouts/javascript (968.6ms)
  Rendered C:/Ruby/lib/ruby/gems/2.2.0/gems/web-console-2.3.0/lib/web_console/templates/main.js.erb within layouts/javascript (0.0ms)
  Rendered C:/Ruby/lib/ruby/gems/2.2.0/gems/web-console-2.3.0/lib/web_console/templates/error_page.js.erb within layouts/javascript (1.0ms)
  Rendered C:/Ruby/lib/ruby/gems/2.2.0/gems/web-console-2.3.0/lib/web_console/templates/index.html.erb (2240.5ms)


Started GET "/" for ::1 at 2016-06-27 01:45:41 +0300
Processing by RecipesController#index as HTML
Completed 500 Internal Server Error in 4ms (ActiveRecord: 0.0ms)

NoMethodError (undefined method `base_uri' for Recipe:Class):
  app/models/recipe.rb:7:in `<class:Recipe>'
  app/models/recipe.rb:3:in `<top (required)>'
  app/controllers/recipes_controller.rb:4:in `index'


  Rendered C:/Ruby/lib/ruby/gems/2.2.0/gems/actionpack-4.2.3/lib/action_dispatch/middleware/templates/rescues/_source.erb (1.0ms)
  Rendered C:/Ruby/lib/ruby/gems/2.2.0/gems/actionpack-4.2.3/lib/action_dispatch/middleware/templates/rescues/_trace.html.erb (3.0ms)
  Rendered C:/Ruby/lib/ruby/gems/2.2.0/gems/actionpack-4.2.3/lib/action_dispatch/middleware/templates/rescues/_request_and_response.html.erb (1.0ms)
  Rendered C:/Ruby/lib/ruby/gems/2.2.0/gems/actionpack-4.2.3/lib/action_dispatch/middleware/templates/rescues/diagnostics.html.erb within rescues/layout (1062.7ms)
  Rendered C:/Ruby/lib/ruby/gems/2.2.0/gems/web-console-2.3.0/lib/web_console/templates/_markup.html.erb (1.0ms)
  Rendered C:/Ruby/lib/ruby/gems/2.2.0/gems/web-console-2.3.0/lib/web_console/templates/_inner_console_markup.html.erb within layouts/inlined_string (0.0ms)
  Rendered C:/Ruby/lib/ruby/gems/2.2.0/gems/web-console-2.3.0/lib/web_console/templates/_prompt_box_markup.html.erb within layouts/inlined_string (0.0ms)
  Rendered C:/Ruby/lib/ruby/gems/2.2.0/gems/web-console-2.3.0/lib/web_console/templates/style.css.erb within layouts/inlined_string (0.0ms)
  Rendered C:/Ruby/lib/ruby/gems/2.2.0/gems/web-console-2.3.0/lib/web_console/templates/console.js.erb within layouts/javascript (989.7ms)
  Rendered C:/Ruby/lib/ruby/gems/2.2.0/gems/web-console-2.3.0/lib/web_console/templates/main.js.erb within layouts/javascript (0.0ms)
  Rendered C:/Ruby/lib/ruby/gems/2.2.0/gems/web-console-2.3.0/lib/web_console/templates/error_page.js.erb within layouts/javascript (1.0ms)
  Rendered C:/Ruby/lib/ruby/gems/2.2.0/gems/web-console-2.3.0/lib/web_console/templates/index.html.erb (2282.7ms)


Started GET "/" for ::1 at 2016-06-27 01:46:45 +0300
Processing by RecipesController#index as HTML
  Rendered recipes/index.html.erb within layouts/application (1.0ms)
Completed 500 Internal Server Error in 5493ms (ActiveRecord: 0.0ms)

SyntaxError (C:/Projects/Coursera/Ruby_on_Rails_An_Introduction/recipefinder/app/views/recipes/index.html.erb:25: syntax error, unexpected keyword_ensure, expecting keyword_end
C:/Projects/Coursera/Ruby_on_Rails_An_Introduction/recipefinder/app/views/recipes/index.html.erb:27: syntax error, unexpected end-of-input, expecting keyword_end):
  app/views/recipes/index.html.erb:25: syntax error, unexpected keyword_ensure, expecting keyword_end
  app/views/recipes/index.html.erb:27: syntax error, unexpected end-of-input, expecting keyword_end


  Rendered C:/Ruby/lib/ruby/gems/2.2.0/gems/actionpack-4.2.3/lib/action_dispatch/middleware/templates/rescues/_source.erb (1.0ms)
  Rendered C:/Ruby/lib/ruby/gems/2.2.0/gems/actionpack-4.2.3/lib/action_dispatch/middleware/templates/rescues/_trace.html.erb (5.0ms)
  Rendered C:/Ruby/lib/ruby/gems/2.2.0/gems/actionpack-4.2.3/lib/action_dispatch/middleware/templates/rescues/_request_and_response.html.erb (1.0ms)
  Rendered C:/Ruby/lib/ruby/gems/2.2.0/gems/actionpack-4.2.3/lib/action_dispatch/middleware/templates/rescues/diagnostics.html.erb within rescues/layout (1065.7ms)
  Rendered C:/Ruby/lib/ruby/gems/2.2.0/gems/web-console-2.3.0/lib/web_console/templates/_markup.html.erb (0.0ms)
  Rendered C:/Ruby/lib/ruby/gems/2.2.0/gems/web-console-2.3.0/lib/web_console/templates/_inner_console_markup.html.erb within layouts/inlined_string (0.0ms)
  Rendered C:/Ruby/lib/ruby/gems/2.2.0/gems/web-console-2.3.0/lib/web_console/templates/_prompt_box_markup.html.erb within layouts/inlined_string (0.0ms)
  Rendered C:/Ruby/lib/ruby/gems/2.2.0/gems/web-console-2.3.0/lib/web_console/templates/style.css.erb within layouts/inlined_string (0.0ms)
  Rendered C:/Ruby/lib/ruby/gems/2.2.0/gems/web-console-2.3.0/lib/web_console/templates/console.js.erb within layouts/javascript (966.6ms)
  Rendered C:/Ruby/lib/ruby/gems/2.2.0/gems/web-console-2.3.0/lib/web_console/templates/main.js.erb within layouts/javascript (0.0ms)
  Rendered C:/Ruby/lib/ruby/gems/2.2.0/gems/web-console-2.3.0/lib/web_console/templates/error_page.js.erb within layouts/javascript (1.0ms)
  Rendered C:/Ruby/lib/ruby/gems/2.2.0/gems/web-console-2.3.0/lib/web_console/templates/index.html.erb (2225.5ms)


Started POST "/__web_console/repl_sessions/935003c1fe12827d77520983a8294855/trace" for ::1 at 2016-06-27 01:47:34 +0300


Started POST "/__web_console/repl_sessions/935003c1fe12827d77520983a8294855/trace" for ::1 at 2016-06-27 01:47:36 +0300


Started GET "/" for ::1 at 2016-06-27 01:49:58 +0300
Processing by RecipesController#index as HTML
  Rendered recipes/index.html.erb within layouts/application (1.0ms)
Completed 500 Internal Server Error in 5606ms (ActiveRecord: 0.0ms)

SyntaxError (C:/Projects/Coursera/Ruby_on_Rails_An_Introduction/recipefinder/app/views/recipes/index.html.erb:25: syntax error, unexpected keyword_ensure, expecting keyword_end
C:/Projects/Coursera/Ruby_on_Rails_An_Introduction/recipefinder/app/views/recipes/index.html.erb:27: syntax error, unexpected end-of-input, expecting keyword_end):
  app/views/recipes/index.html.erb:25: syntax error, unexpected keyword_ensure, expecting keyword_end
  app/views/recipes/index.html.erb:27: syntax error, unexpected end-of-input, expecting keyword_end


  Rendered C:/Ruby/lib/ruby/gems/2.2.0/gems/actionpack-4.2.3/lib/action_dispatch/middleware/templates/rescues/_source.erb (1.0ms)
  Rendered C:/Ruby/lib/ruby/gems/2.2.0/gems/actionpack-4.2.3/lib/action_dispatch/middleware/templates/rescues/_trace.html.erb (14.0ms)
  Rendered C:/Ruby/lib/ruby/gems/2.2.0/gems/actionpack-4.2.3/lib/action_dispatch/middleware/templates/rescues/_request_and_response.html.erb (1.0ms)
  Rendered C:/Ruby/lib/ruby/gems/2.2.0/gems/actionpack-4.2.3/lib/action_dispatch/middleware/templates/rescues/diagnostics.html.erb within rescues/layout (1080.7ms)
  Rendered C:/Ruby/lib/ruby/gems/2.2.0/gems/web-console-2.3.0/lib/web_console/templates/_markup.html.erb (1.0ms)
  Rendered C:/Ruby/lib/ruby/gems/2.2.0/gems/web-console-2.3.0/lib/web_console/templates/_inner_console_markup.html.erb within layouts/inlined_string (0.0ms)
  Rendered C:/Ruby/lib/ruby/gems/2.2.0/gems/web-console-2.3.0/lib/web_console/templates/_prompt_box_markup.html.erb within layouts/inlined_string (0.0ms)
  Rendered C:/Ruby/lib/ruby/gems/2.2.0/gems/web-console-2.3.0/lib/web_console/templates/style.css.erb within layouts/inlined_string (0.0ms)
  Rendered C:/Ruby/lib/ruby/gems/2.2.0/gems/web-console-2.3.0/lib/web_console/templates/console.js.erb within layouts/javascript (988.7ms)
  Rendered C:/Ruby/lib/ruby/gems/2.2.0/gems/web-console-2.3.0/lib/web_console/templates/main.js.erb within layouts/javascript (1.0ms)
  Rendered C:/Ruby/lib/ruby/gems/2.2.0/gems/web-console-2.3.0/lib/web_console/templates/error_page.js.erb within layouts/javascript (0.0ms)
  Rendered C:/Ruby/lib/ruby/gems/2.2.0/gems/web-console-2.3.0/lib/web_console/templates/index.html.erb (2267.5ms)


Started GET "/" for ::1 at 2016-06-27 01:50:44 +0300
Processing by RecipesController#index as HTML
  Rendered recipes/index.html.erb within layouts/application (0.0ms)
Completed 200 OK in 8436ms (Views: 3038.3ms | ActiveRecord: 0.0ms)


Started GET "/assets/recipes.self-e3b0c44298fc1c149afbf4c8996fb92427ae41e4649b934ca495991b7852b855.css?body=1" for ::1 at 2016-06-27 01:50:52 +0300


Started GET "/assets/jquery.self-660adc51e0224b731d29f575a6f1ec167ba08ad06ed5deca4f1e8654c135bf4c.js?body=1" for ::1 at 2016-06-27 01:50:52 +0300


Started GET "/assets/application.self-e80e8f2318043e8af94dddc2adad5a4f09739a8ebb323b3ab31cd71d45fd9113.css?body=1" for ::1 at 2016-06-27 01:50:52 +0300


Started GET "/assets/jquery_ujs.self-e87806d0cf4489aeb1bb7288016024e8de67fd18db693fe026fe3907581e53cd.js?body=1" for ::1 at 2016-06-27 01:50:52 +0300


Started GET "/assets/turbolinks.self-c37727e9bd6b2735da5c311aa83fead54ed0be6cc8bd9a65309e9c5abe2cbfff.js?body=1" for ::1 at 2016-06-27 01:50:52 +0300


Started GET "/assets/recipes.self-877aef30ae1b040ab8a3aba4e3e309a11d7f2612f44dde450b5c157aa5f95c05.js?body=1" for ::1 at 2016-06-27 01:50:52 +0300


Started GET "/assets/application.self-3b8dabdc891efe46b9a144b400ad69e37d7e5876bdc39dee783419a69d7ca819.js?body=1" for ::1 at 2016-06-27 01:50:52 +0300


Started GET "/?search=apple" for ::1 at 2016-06-27 01:58:50 +0300
Processing by RecipesController#index as HTML
  Parameters: {"search"=>"apple"}
  Rendered recipes/index.html.erb within layouts/application (3.0ms)
Completed 200 OK in 6091ms (Views: 326.1ms | ActiveRecord: 0.0ms)


Started GET "/recipes/index?search=swiss" for ::1 at 2016-06-27 02:01:11 +0300
Processing by RecipesController#index as HTML
  Parameters: {"search"=>"swiss"}
  Rendered recipes/index.html.erb within layouts/application (0.0ms)
Completed 200 OK in 5717ms (Views: 97.8ms | ActiveRecord: 0.0ms)


Started GET "/assets/recipes.self-e3b0c44298fc1c149afbf4c8996fb92427ae41e4649b934ca495991b7852b855.css?body=1" for ::1 at 2016-06-27 02:01:17 +0300


Started GET "/assets/recipes.self-877aef30ae1b040ab8a3aba4e3e309a11d7f2612f44dde450b5c157aa5f95c05.js?body=1" for ::1 at 2016-06-27 02:01:17 +0300


Started GET "/recipes/index?search=swiss" for ::1 at 2016-06-27 02:02:11 +0300
Processing by RecipesController#index as HTML
  Parameters: {"search"=>"swiss"}
  Rendered recipes/index.html.erb within layouts/application (0.0ms)
Completed 200 OK in 5698ms (Views: 83.9ms | ActiveRecord: 0.0ms)


Started GET "/assets/recipes.self-e3b0c44298fc1c149afbf4c8996fb92427ae41e4649b934ca495991b7852b855.css?body=1" for ::1 at 2016-06-27 02:02:16 +0300


Started GET "/assets/application.self-e80e8f2318043e8af94dddc2adad5a4f09739a8ebb323b3ab31cd71d45fd9113.css?body=1" for ::1 at 2016-06-27 02:02:16 +0300


Started GET "/assets/jquery.self-660adc51e0224b731d29f575a6f1ec167ba08ad06ed5deca4f1e8654c135bf4c.js?body=1" for ::1 at 2016-06-27 02:02:16 +0300


Started GET "/assets/jquery_ujs.self-e87806d0cf4489aeb1bb7288016024e8de67fd18db693fe026fe3907581e53cd.js?body=1" for ::1 at 2016-06-27 02:02:16 +0300


Started GET "/assets/turbolinks.self-c37727e9bd6b2735da5c311aa83fead54ed0be6cc8bd9a65309e9c5abe2cbfff.js?body=1" for ::1 at 2016-06-27 02:02:16 +0300


Started GET "/assets/recipes.self-877aef30ae1b040ab8a3aba4e3e309a11d7f2612f44dde450b5c157aa5f95c05.js?body=1" for ::1 at 2016-06-27 02:02:17 +0300


Started GET "/assets/application.self-3b8dabdc891efe46b9a144b400ad69e37d7e5876bdc39dee783419a69d7ca819.js?body=1" for ::1 at 2016-06-27 02:02:17 +0300


Started GET "/recipes/index?search=swiss" for ::1 at 2016-06-27 02:07:27 +0300
Processing by RecipesController#index as HTML
  Parameters: {"search"=>"swiss"}
  Rendered recipes/index.html.erb within layouts/application (1.0ms)
Completed 200 OK in 5511ms (Views: 101.2ms | ActiveRecord: 0.0ms)


Started GET "/assets/recipes.self-e3b0c44298fc1c149afbf4c8996fb92427ae41e4649b934ca495991b7852b855.css?body=1" for ::1 at 2016-06-27 02:07:33 +0300


Started GET "/assets/application.self-e80e8f2318043e8af94dddc2adad5a4f09739a8ebb323b3ab31cd71d45fd9113.css?body=1" for ::1 at 2016-06-27 02:07:33 +0300


Started GET "/assets/jquery.self-660adc51e0224b731d29f575a6f1ec167ba08ad06ed5deca4f1e8654c135bf4c.js?body=1" for ::1 at 2016-06-27 02:07:33 +0300


Started GET "/assets/turbolinks.self-c37727e9bd6b2735da5c311aa83fead54ed0be6cc8bd9a65309e9c5abe2cbfff.js?body=1" for ::1 at 2016-06-27 02:07:33 +0300


Started GET "/assets/jquery_ujs.self-e87806d0cf4489aeb1bb7288016024e8de67fd18db693fe026fe3907581e53cd.js?body=1" for ::1 at 2016-06-27 02:07:33 +0300


Started GET "/assets/recipes.self-877aef30ae1b040ab8a3aba4e3e309a11d7f2612f44dde450b5c157aa5f95c05.js?body=1" for ::1 at 2016-06-27 02:07:33 +0300


Started GET "/assets/application.self-3b8dabdc891efe46b9a144b400ad69e37d7e5876bdc39dee783419a69d7ca819.js?body=1" for ::1 at 2016-06-27 02:07:33 +0300


Started GET "/recipes/index" for ::1 at 2016-06-27 02:07:36 +0300
Processing by RecipesController#index as HTML
  Rendered recipes/index.html.erb within layouts/application (0.0ms)
Completed 200 OK in 5503ms (Views: 87.2ms | ActiveRecord: 0.0ms)


Started GET "/" for ::1 at 2016-06-27 02:08:33 +0300
Processing by RecipesController#index as HTML
  Rendered recipes/index.html.erb within layouts/application (142501.0ms)
Completed 500 Internal Server Error in 148025ms (ActiveRecord: 0.0ms)

SystemExit (exit):
  app/views/recipes/index.html.erb:6:in `_app_views_recipes_index_html_erb__446651599_71510736'


  Rendered C:/Ruby/lib/ruby/gems/2.2.0/gems/actionpack-4.2.3/lib/action_dispatch/middleware/templates/rescues/_source.erb (4.0ms)
  Rendered C:/Ruby/lib/ruby/gems/2.2.0/gems/actionpack-4.2.3/lib/action_dispatch/middleware/templates/rescues/_trace.html.erb (40.0ms)
  Rendered C:/Ruby/lib/ruby/gems/2.2.0/gems/actionpack-4.2.3/lib/action_dispatch/middleware/templates/rescues/_request_and_response.html.erb (3.0ms)
  Rendered C:/Ruby/lib/ruby/gems/2.2.0/gems/actionpack-4.2.3/lib/action_dispatch/middleware/templates/rescues/diagnostics.html.erb within rescues/layout (1071.7ms)
  Rendered C:/Ruby/lib/ruby/gems/2.2.0/gems/web-console-2.3.0/lib/web_console/templates/_markup.html.erb (2.0ms)
  Rendered C:/Ruby/lib/ruby/gems/2.2.0/gems/web-console-2.3.0/lib/web_console/templates/_inner_console_markup.html.erb within layouts/inlined_string (1.0ms)
  Rendered C:/Ruby/lib/ruby/gems/2.2.0/gems/web-console-2.3.0/lib/web_console/templates/_prompt_box_markup.html.erb within layouts/inlined_string (1.0ms)
  Rendered C:/Ruby/lib/ruby/gems/2.2.0/gems/web-console-2.3.0/lib/web_console/templates/style.css.erb within layouts/inlined_string (2.0ms)
  Rendered C:/Ruby/lib/ruby/gems/2.2.0/gems/web-console-2.3.0/lib/web_console/templates/console.js.erb within layouts/javascript (1036.7ms)
  Rendered C:/Ruby/lib/ruby/gems/2.2.0/gems/web-console-2.3.0/lib/web_console/templates/main.js.erb within layouts/javascript (2.0ms)
  Rendered C:/Ruby/lib/ruby/gems/2.2.0/gems/web-console-2.3.0/lib/web_console/templates/error_page.js.erb within layouts/javascript (1.0ms)
  Rendered C:/Ruby/lib/ruby/gems/2.2.0/gems/web-console-2.3.0/lib/web_console/templates/index.html.erb (2324.8ms)


Started GET "/" for ::1 at 2016-06-28 21:19:42 +0300
Processing by RecipesController#index as HTML
  Rendered recipes/index.html.erb within layouts/application (50724.5ms)
Completed 500 Internal Server Error in 51284ms (ActiveRecord: 0.0ms)

SystemExit (exit):
  app/views/recipes/index.html.erb:6:in `_app_views_recipes_index_html_erb__188134368_33936720'


  Rendered C:/Ruby/lib/ruby/gems/2.2.0/gems/actionpack-4.2.3/lib/action_dispatch/middleware/templates/rescues/_source.erb (0.0ms)
  Rendered C:/Ruby/lib/ruby/gems/2.2.0/gems/actionpack-4.2.3/lib/action_dispatch/middleware/templates/rescues/_trace.html.erb (36.0ms)
  Rendered C:/Ruby/lib/ruby/gems/2.2.0/gems/actionpack-4.2.3/lib/action_dispatch/middleware/templates/rescues/_request_and_response.html.erb (0.0ms)
  Rendered C:/Ruby/lib/ruby/gems/2.2.0/gems/actionpack-4.2.3/lib/action_dispatch/middleware/templates/rescues/diagnostics.html.erb within rescues/layout (1262.1ms)
  Rendered C:/Ruby/lib/ruby/gems/2.2.0/gems/web-console-2.3.0/lib/web_console/templates/_markup.html.erb (0.0ms)
  Rendered C:/Ruby/lib/ruby/gems/2.2.0/gems/web-console-2.3.0/lib/web_console/templates/_inner_console_markup.html.erb within layouts/inlined_string (0.0ms)
  Rendered C:/Ruby/lib/ruby/gems/2.2.0/gems/web-console-2.3.0/lib/web_console/templates/_prompt_box_markup.html.erb within layouts/inlined_string (4.0ms)
  Rendered C:/Ruby/lib/ruby/gems/2.2.0/gems/web-console-2.3.0/lib/web_console/templates/style.css.erb within layouts/inlined_string (0.0ms)
  Rendered C:/Ruby/lib/ruby/gems/2.2.0/gems/web-console-2.3.0/lib/web_console/templates/console.js.erb within layouts/javascript (1215.1ms)
  Rendered C:/Ruby/lib/ruby/gems/2.2.0/gems/web-console-2.3.0/lib/web_console/templates/main.js.erb within layouts/javascript (0.0ms)
  Rendered C:/Ruby/lib/ruby/gems/2.2.0/gems/web-console-2.3.0/lib/web_console/templates/error_page.js.erb within layouts/javascript (0.0ms)
  Rendered C:/Ruby/lib/ruby/gems/2.2.0/gems/web-console-2.3.0/lib/web_console/templates/index.html.erb (2598.1ms)


Started GET "/" for ::1 at 2016-06-28 21:21:29 +0300
Processing by RecipesController#index as HTML
  Rendered recipes/index.html.erb within layouts/application (4.0ms)
Completed 200 OK in 868ms (Views: 468.9ms | ActiveRecord: 0.0ms)


Started GET "/assets/recipes.self-e3b0c44298fc1c149afbf4c8996fb92427ae41e4649b934ca495991b7852b855.css?body=1" for ::1 at 2016-06-28 21:21:30 +0300


Started GET "/assets/application.self-e80e8f2318043e8af94dddc2adad5a4f09739a8ebb323b3ab31cd71d45fd9113.css?body=1" for ::1 at 2016-06-28 21:21:31 +0300


Started GET "/assets/jquery.self-660adc51e0224b731d29f575a6f1ec167ba08ad06ed5deca4f1e8654c135bf4c.js?body=1" for ::1 at 2016-06-28 21:21:31 +0300


Started GET "/assets/jquery_ujs.self-e87806d0cf4489aeb1bb7288016024e8de67fd18db693fe026fe3907581e53cd.js?body=1" for ::1 at 2016-06-28 21:21:31 +0300


Started GET "/assets/turbolinks.self-c37727e9bd6b2735da5c311aa83fead54ed0be6cc8bd9a65309e9c5abe2cbfff.js?body=1" for ::1 at 2016-06-28 21:21:31 +0300


Started GET "/assets/application.self-3b8dabdc891efe46b9a144b400ad69e37d7e5876bdc39dee783419a69d7ca819.js?body=1" for ::1 at 2016-06-28 21:21:31 +0300


Started GET "/assets/recipes.self-877aef30ae1b040ab8a3aba4e3e309a11d7f2612f44dde450b5c157aa5f95c05.js?body=1" for ::1 at 2016-06-28 21:21:31 +0300


Started GET "/" for ::1 at 2016-06-28 21:21:41 +0300
Processing by RecipesController#index as HTML
  Rendered recipes/index.html.erb within layouts/application (0.0ms)
Completed 200 OK in 462ms (Views: 85.7ms | ActiveRecord: 0.0ms)


Started GET "/assets/application.self-e80e8f2318043e8af94dddc2adad5a4f09739a8ebb323b3ab31cd71d45fd9113.css?body=1" for ::1 at 2016-06-28 21:21:41 +0300


Started GET "/assets/recipes.self-e3b0c44298fc1c149afbf4c8996fb92427ae41e4649b934ca495991b7852b855.css?body=1" for ::1 at 2016-06-28 21:21:41 +0300


Started GET "/assets/jquery.self-660adc51e0224b731d29f575a6f1ec167ba08ad06ed5deca4f1e8654c135bf4c.js?body=1" for ::1 at 2016-06-28 21:21:41 +0300


Started GET "/assets/jquery_ujs.self-e87806d0cf4489aeb1bb7288016024e8de67fd18db693fe026fe3907581e53cd.js?body=1" for ::1 at 2016-06-28 21:21:41 +0300


Started GET "/assets/turbolinks.self-c37727e9bd6b2735da5c311aa83fead54ed0be6cc8bd9a65309e9c5abe2cbfff.js?body=1" for ::1 at 2016-06-28 21:21:41 +0300


Started GET "/assets/recipes.self-877aef30ae1b040ab8a3aba4e3e309a11d7f2612f44dde450b5c157aa5f95c05.js?body=1" for ::1 at 2016-06-28 21:21:41 +0300


Started GET "/assets/application.self-3b8dabdc891efe46b9a144b400ad69e37d7e5876bdc39dee783419a69d7ca819.js?body=1" for ::1 at 2016-06-28 21:21:41 +0300


Started GET "/" for ::1 at 2016-06-28 21:23:27 +0300
Processing by RecipesController#index as HTML
Completed 500 Internal Server Error in 393ms (ActiveRecord: 0.0ms)

JSON::ParserError (795: unexpected token at '<html><body><h1>invalid function (api/index)</h1></body></html>'):
  app/models/recipe.rb:11:in `for'
  app/controllers/recipes_controller.rb:4:in `index'


  Rendered C:/Ruby/lib/ruby/gems/2.2.0/gems/actionpack-4.2.3/lib/action_dispatch/middleware/templates/rescues/_source.erb (4.0ms)
  Rendered C:/Ruby/lib/ruby/gems/2.2.0/gems/actionpack-4.2.3/lib/action_dispatch/middleware/templates/rescues/_trace.html.erb (4.0ms)
  Rendered C:/Ruby/lib/ruby/gems/2.2.0/gems/actionpack-4.2.3/lib/action_dispatch/middleware/templates/rescues/_request_and_response.html.erb (0.0ms)
  Rendered C:/Ruby/lib/ruby/gems/2.2.0/gems/actionpack-4.2.3/lib/action_dispatch/middleware/templates/rescues/diagnostics.html.erb within rescues/layout (1020.0ms)
  Rendered C:/Ruby/lib/ruby/gems/2.2.0/gems/web-console-2.3.0/lib/web_console/templates/_markup.html.erb (0.0ms)
  Rendered C:/Ruby/lib/ruby/gems/2.2.0/gems/web-console-2.3.0/lib/web_console/templates/_inner_console_markup.html.erb within layouts/inlined_string (0.0ms)
  Rendered C:/Ruby/lib/ruby/gems/2.2.0/gems/web-console-2.3.0/lib/web_console/templates/_prompt_box_markup.html.erb within layouts/inlined_string (0.0ms)
  Rendered C:/Ruby/lib/ruby/gems/2.2.0/gems/web-console-2.3.0/lib/web_console/templates/style.css.erb within layouts/inlined_string (0.0ms)
  Rendered C:/Ruby/lib/ruby/gems/2.2.0/gems/web-console-2.3.0/lib/web_console/templates/console.js.erb within layouts/javascript (965.8ms)
  Rendered C:/Ruby/lib/ruby/gems/2.2.0/gems/web-console-2.3.0/lib/web_console/templates/main.js.erb within layouts/javascript (0.0ms)
  Rendered C:/Ruby/lib/ruby/gems/2.2.0/gems/web-console-2.3.0/lib/web_console/templates/error_page.js.erb within layouts/javascript (4.0ms)
  Rendered C:/Ruby/lib/ruby/gems/2.2.0/gems/web-console-2.3.0/lib/web_console/templates/index.html.erb (2329.8ms)


Started GET "/" for ::1 at 2016-06-28 21:24:20 +0300
Processing by RecipesController#index as HTML
Completed 500 Internal Server Error in 392ms (ActiveRecord: 0.0ms)

JSON::ParserError (795: unexpected token at '<html><body><h1>invalid function (api/index)</h1></body></html>'):
  app/models/recipe.rb:11:in `for'
  app/controllers/recipes_controller.rb:4:in `index'


  Rendered C:/Ruby/lib/ruby/gems/2.2.0/gems/actionpack-4.2.3/lib/action_dispatch/middleware/templates/rescues/_source.erb (0.0ms)
  Rendered C:/Ruby/lib/ruby/gems/2.2.0/gems/actionpack-4.2.3/lib/action_dispatch/middleware/templates/rescues/_trace.html.erb (4.0ms)
  Rendered C:/Ruby/lib/ruby/gems/2.2.0/gems/actionpack-4.2.3/lib/action_dispatch/middleware/templates/rescues/_request_and_response.html.erb (0.0ms)
  Rendered C:/Ruby/lib/ruby/gems/2.2.0/gems/actionpack-4.2.3/lib/action_dispatch/middleware/templates/rescues/diagnostics.html.erb within rescues/layout (1040.0ms)
  Rendered C:/Ruby/lib/ruby/gems/2.2.0/gems/web-console-2.3.0/lib/web_console/templates/_markup.html.erb (4.0ms)
  Rendered C:/Ruby/lib/ruby/gems/2.2.0/gems/web-console-2.3.0/lib/web_console/templates/_inner_console_markup.html.erb within layouts/inlined_string (0.0ms)
  Rendered C:/Ruby/lib/ruby/gems/2.2.0/gems/web-console-2.3.0/lib/web_console/templates/_prompt_box_markup.html.erb within layouts/inlined_string (0.0ms)
  Rendered C:/Ruby/lib/ruby/gems/2.2.0/gems/web-console-2.3.0/lib/web_console/templates/style.css.erb within layouts/inlined_string (4.0ms)
  Rendered C:/Ruby/lib/ruby/gems/2.2.0/gems/web-console-2.3.0/lib/web_console/templates/console.js.erb within layouts/javascript (952.0ms)
  Rendered C:/Ruby/lib/ruby/gems/2.2.0/gems/web-console-2.3.0/lib/web_console/templates/main.js.erb within layouts/javascript (0.0ms)
  Rendered C:/Ruby/lib/ruby/gems/2.2.0/gems/web-console-2.3.0/lib/web_console/templates/error_page.js.erb within layouts/javascript (0.0ms)
  Rendered C:/Ruby/lib/ruby/gems/2.2.0/gems/web-console-2.3.0/lib/web_console/templates/index.html.erb (2224.0ms)


Started POST "/__web_console/repl_sessions/e8824ea194c584e81849e93350927c01/trace" for ::1 at 2016-06-28 21:24:28 +0300


Started GET "/" for ::1 at 2016-06-28 21:25:06 +0300
Processing by RecipesController#index as HTML
Completed 500 Internal Server Error in 392ms (ActiveRecord: 0.0ms)

JSON::ParserError (795: unexpected token at 'FORBIDDEN'):
  app/models/recipe.rb:11:in `for'
  app/controllers/recipes_controller.rb:4:in `index'


  Rendered C:/Ruby/lib/ruby/gems/2.2.0/gems/actionpack-4.2.3/lib/action_dispatch/middleware/templates/rescues/_source.erb (4.0ms)
  Rendered C:/Ruby/lib/ruby/gems/2.2.0/gems/actionpack-4.2.3/lib/action_dispatch/middleware/templates/rescues/_trace.html.erb (4.0ms)
  Rendered C:/Ruby/lib/ruby/gems/2.2.0/gems/actionpack-4.2.3/lib/action_dispatch/middleware/templates/rescues/_request_and_response.html.erb (0.0ms)
  Rendered C:/Ruby/lib/ruby/gems/2.2.0/gems/actionpack-4.2.3/lib/action_dispatch/middleware/templates/rescues/diagnostics.html.erb within rescues/layout (1052.7ms)
  Rendered C:/Ruby/lib/ruby/gems/2.2.0/gems/web-console-2.3.0/lib/web_console/templates/_markup.html.erb (0.0ms)
  Rendered C:/Ruby/lib/ruby/gems/2.2.0/gems/web-console-2.3.0/lib/web_console/templates/_inner_console_markup.html.erb within layouts/inlined_string (0.0ms)
  Rendered C:/Ruby/lib/ruby/gems/2.2.0/gems/web-console-2.3.0/lib/web_console/templates/_prompt_box_markup.html.erb within layouts/inlined_string (0.0ms)
  Rendered C:/Ruby/lib/ruby/gems/2.2.0/gems/web-console-2.3.0/lib/web_console/templates/style.css.erb within layouts/inlined_string (0.0ms)
  Rendered C:/Ruby/lib/ruby/gems/2.2.0/gems/web-console-2.3.0/lib/web_console/templates/console.js.erb within layouts/javascript (948.0ms)
  Rendered C:/Ruby/lib/ruby/gems/2.2.0/gems/web-console-2.3.0/lib/web_console/templates/main.js.erb within layouts/javascript (4.0ms)
  Rendered C:/Ruby/lib/ruby/gems/2.2.0/gems/web-console-2.3.0/lib/web_console/templates/error_page.js.erb within layouts/javascript (0.0ms)
  Rendered C:/Ruby/lib/ruby/gems/2.2.0/gems/web-console-2.3.0/lib/web_console/templates/index.html.erb (2204.0ms)


Started GET "/" for ::1 at 2016-06-28 21:25:44 +0300
Processing by RecipesController#index as HTML
Completed 500 Internal Server Error in 372ms (ActiveRecord: 0.0ms)

JSON::ParserError (795: unexpected token at '<html><body><h1>invalid function (api/index)</h1></body></html>'):
  app/models/recipe.rb:11:in `for'
  app/controllers/recipes_controller.rb:4:in `index'


  Rendered C:/Ruby/lib/ruby/gems/2.2.0/gems/actionpack-4.2.3/lib/action_dispatch/middleware/templates/rescues/_source.erb (0.0ms)
  Rendered C:/Ruby/lib/ruby/gems/2.2.0/gems/actionpack-4.2.3/lib/action_dispatch/middleware/templates/rescues/_trace.html.erb (4.0ms)
  Rendered C:/Ruby/lib/ruby/gems/2.2.0/gems/actionpack-4.2.3/lib/action_dispatch/middleware/templates/rescues/_request_and_response.html.erb (0.0ms)
  Rendered C:/Ruby/lib/ruby/gems/2.2.0/gems/actionpack-4.2.3/lib/action_dispatch/middleware/templates/rescues/diagnostics.html.erb within rescues/layout (1069.8ms)
  Rendered C:/Ruby/lib/ruby/gems/2.2.0/gems/web-console-2.3.0/lib/web_console/templates/_markup.html.erb (0.0ms)
  Rendered C:/Ruby/lib/ruby/gems/2.2.0/gems/web-console-2.3.0/lib/web_console/templates/_inner_console_markup.html.erb within layouts/inlined_string (0.0ms)
  Rendered C:/Ruby/lib/ruby/gems/2.2.0/gems/web-console-2.3.0/lib/web_console/templates/_prompt_box_markup.html.erb within layouts/inlined_string (0.0ms)
  Rendered C:/Ruby/lib/ruby/gems/2.2.0/gems/web-console-2.3.0/lib/web_console/templates/style.css.erb within layouts/inlined_string (4.0ms)
  Rendered C:/Ruby/lib/ruby/gems/2.2.0/gems/web-console-2.3.0/lib/web_console/templates/console.js.erb within layouts/javascript (952.0ms)
  Rendered C:/Ruby/lib/ruby/gems/2.2.0/gems/web-console-2.3.0/lib/web_console/templates/main.js.erb within layouts/javascript (0.0ms)
  Rendered C:/Ruby/lib/ruby/gems/2.2.0/gems/web-console-2.3.0/lib/web_console/templates/error_page.js.erb within layouts/javascript (0.0ms)
  Rendered C:/Ruby/lib/ruby/gems/2.2.0/gems/web-console-2.3.0/lib/web_console/templates/index.html.erb (2204.0ms)


Started GET "/" for ::1 at 2016-06-28 21:29:45 +0300
Processing by RecipesController#index as HTML
Completed 500 Internal Server Error in 380ms (ActiveRecord: 0.0ms)

JSON::ParserError (795: unexpected token at '<html><body><h1>invalid function (api/index)</h1></body></html>'):
  app/models/recipe.rb:11:in `for'
  app/controllers/recipes_controller.rb:4:in `index'


  Rendered C:/Ruby/lib/ruby/gems/2.2.0/gems/actionpack-4.2.3/lib/action_dispatch/middleware/templates/rescues/_source.erb (0.0ms)
  Rendered C:/Ruby/lib/ruby/gems/2.2.0/gems/actionpack-4.2.3/lib/action_dispatch/middleware/templates/rescues/_trace.html.erb (8.0ms)
  Rendered C:/Ruby/lib/ruby/gems/2.2.0/gems/actionpack-4.2.3/lib/action_dispatch/middleware/templates/rescues/_request_and_response.html.erb (0.0ms)
  Rendered C:/Ruby/lib/ruby/gems/2.2.0/gems/actionpack-4.2.3/lib/action_dispatch/middleware/templates/rescues/diagnostics.html.erb within rescues/layout (1072.0ms)
  Rendered C:/Ruby/lib/ruby/gems/2.2.0/gems/web-console-2.3.0/lib/web_console/templates/_markup.html.erb (0.0ms)
  Rendered C:/Ruby/lib/ruby/gems/2.2.0/gems/web-console-2.3.0/lib/web_console/templates/_inner_console_markup.html.erb within layouts/inlined_string (0.0ms)
  Rendered C:/Ruby/lib/ruby/gems/2.2.0/gems/web-console-2.3.0/lib/web_console/templates/_prompt_box_markup.html.erb within layouts/inlined_string (0.0ms)
  Rendered C:/Ruby/lib/ruby/gems/2.2.0/gems/web-console-2.3.0/lib/web_console/templates/style.css.erb within layouts/inlined_string (0.0ms)
  Rendered C:/Ruby/lib/ruby/gems/2.2.0/gems/web-console-2.3.0/lib/web_console/templates/console.js.erb within layouts/javascript (956.9ms)
  Rendered C:/Ruby/lib/ruby/gems/2.2.0/gems/web-console-2.3.0/lib/web_console/templates/main.js.erb within layouts/javascript (0.0ms)
  Rendered C:/Ruby/lib/ruby/gems/2.2.0/gems/web-console-2.3.0/lib/web_console/templates/error_page.js.erb within layouts/javascript (0.0ms)
  Rendered C:/Ruby/lib/ruby/gems/2.2.0/gems/web-console-2.3.0/lib/web_console/templates/index.html.erb (2177.4ms)


Started PUT "/__web_console/repl_sessions/d716b51b62a84e77f4e8b384fbc6cf2b" for ::1 at 2016-06-28 21:30:14 +0300


Started PUT "/__web_console/repl_sessions/d716b51b62a84e77f4e8b384fbc6cf2b" for ::1 at 2016-06-28 21:30:20 +0300


Started GET "/" for ::1 at 2016-06-28 21:59:32 +0300
Processing by RecipesController#index as HTML
Completed 500 Internal Server Error in 413ms (ActiveRecord: 0.0ms)

JSON::ParserError (795: unexpected token at '<html><body><h1>invalid function (api/index)</h1></body></html>'):
  app/models/recipe.rb:15:in `for'
  app/controllers/recipes_controller.rb:4:in `index'


  Rendered C:/Ruby/lib/ruby/gems/2.2.0/gems/actionpack-4.2.6/lib/action_dispatch/middleware/templates/rescues/_source.erb (1.0ms)
  Rendered C:/Ruby/lib/ruby/gems/2.2.0/gems/actionpack-4.2.6/lib/action_dispatch/middleware/templates/rescues/_trace.html.erb (4.0ms)
  Rendered C:/Ruby/lib/ruby/gems/2.2.0/gems/actionpack-4.2.6/lib/action_dispatch/middleware/templates/rescues/_request_and_response.html.erb (1.0ms)
  Rendered C:/Ruby/lib/ruby/gems/2.2.0/gems/actionpack-4.2.6/lib/action_dispatch/middleware/templates/rescues/diagnostics.html.erb within rescues/layout (1188.8ms)
  Rendered C:/Ruby/lib/ruby/gems/2.2.0/gems/web-console-2.3.0/lib/web_console/templates/_markup.html.erb (1.0ms)
  Rendered C:/Ruby/lib/ruby/gems/2.2.0/gems/web-console-2.3.0/lib/web_console/templates/_inner_console_markup.html.erb within layouts/inlined_string (1.0ms)
  Rendered C:/Ruby/lib/ruby/gems/2.2.0/gems/web-console-2.3.0/lib/web_console/templates/_prompt_box_markup.html.erb within layouts/inlined_string (0.0ms)
  Rendered C:/Ruby/lib/ruby/gems/2.2.0/gems/web-console-2.3.0/lib/web_console/templates/style.css.erb within layouts/inlined_string (0.0ms)
  Rendered C:/Ruby/lib/ruby/gems/2.2.0/gems/web-console-2.3.0/lib/web_console/templates/console.js.erb within layouts/javascript (1037.8ms)
  Rendered C:/Ruby/lib/ruby/gems/2.2.0/gems/web-console-2.3.0/lib/web_console/templates/main.js.erb within layouts/javascript (0.0ms)
  Rendered C:/Ruby/lib/ruby/gems/2.2.0/gems/web-console-2.3.0/lib/web_console/templates/error_page.js.erb within layouts/javascript (0.0ms)
  Rendered C:/Ruby/lib/ruby/gems/2.2.0/gems/web-console-2.3.0/lib/web_console/templates/index.html.erb (2369.6ms)


Started GET "/" for 127.0.0.1 at 2016-06-28 22:09:02 +0300
Processing by RecipesController#index as HTML
Completed 500 Internal Server Error in 906ms (ActiveRecord: 0.0ms)

JSON::ParserError (795: unexpected token at '<html><body><h1>invalid function (api/index)</h1></body></html>'):
  app/models/recipe.rb:15:in `for'
  app/controllers/recipes_controller.rb:4:in `index'


  Rendered C:/Ruby/lib/ruby/gems/2.2.0/gems/actionpack-4.2.6/lib/action_dispatch/middleware/templates/rescues/_source.erb (0.0ms)
  Rendered C:/Ruby/lib/ruby/gems/2.2.0/gems/actionpack-4.2.6/lib/action_dispatch/middleware/templates/rescues/_trace.html.erb (5.0ms)
  Rendered C:/Ruby/lib/ruby/gems/2.2.0/gems/actionpack-4.2.6/lib/action_dispatch/middleware/templates/rescues/_request_and_response.html.erb (1.0ms)
  Rendered C:/Ruby/lib/ruby/gems/2.2.0/gems/actionpack-4.2.6/lib/action_dispatch/middleware/templates/rescues/diagnostics.html.erb within rescues/layout (1178.8ms)
  Rendered C:/Ruby/lib/ruby/gems/2.2.0/gems/web-console-2.3.0/lib/web_console/templates/_markup.html.erb (1.0ms)
  Rendered C:/Ruby/lib/ruby/gems/2.2.0/gems/web-console-2.3.0/lib/web_console/templates/_inner_console_markup.html.erb within layouts/inlined_string (1.0ms)
  Rendered C:/Ruby/lib/ruby/gems/2.2.0/gems/web-console-2.3.0/lib/web_console/templates/_prompt_box_markup.html.erb within layouts/inlined_string (0.0ms)
  Rendered C:/Ruby/lib/ruby/gems/2.2.0/gems/web-console-2.3.0/lib/web_console/templates/style.css.erb within layouts/inlined_string (0.0ms)
  Rendered C:/Ruby/lib/ruby/gems/2.2.0/gems/web-console-2.3.0/lib/web_console/templates/console.js.erb within layouts/javascript (1033.7ms)
  Rendered C:/Ruby/lib/ruby/gems/2.2.0/gems/web-console-2.3.0/lib/web_console/templates/main.js.erb within layouts/javascript (0.0ms)
  Rendered C:/Ruby/lib/ruby/gems/2.2.0/gems/web-console-2.3.0/lib/web_console/templates/error_page.js.erb within layouts/javascript (1.0ms)
  Rendered C:/Ruby/lib/ruby/gems/2.2.0/gems/web-console-2.3.0/lib/web_console/templates/index.html.erb (2414.3ms)


Started GET "/" for 127.0.0.1 at 2016-06-28 22:09:34 +0300
Processing by RecipesController#index as HTML
  Rendered recipes/index.html.erb within layouts/application (1.0ms)
Completed 500 Internal Server Error in 882ms (ActiveRecord: 0.0ms)

SyntaxError (C:/Projects/Coursera/Ruby_on_Rails_An_Introduction/recipefinder/app/views/recipes/index.html.erb:21: syntax error, unexpected keyword_end, expecting ')'
'.freeze;		 end 
         		    ^
C:/Projects/Coursera/Ruby_on_Rails_An_Introduction/recipefinder/app/views/recipes/index.html.erb:24: syntax error, unexpected keyword_end, expecting ')'
'.freeze; end ;@output_buffer.to_s
             ^
C:/Projects/Coursera/Ruby_on_Rails_An_Introduction/recipefinder/app/views/recipes/index.html.erb:25: syntax error, unexpected keyword_ensure, expecting ')'
C:/Projects/Coursera/Ruby_on_Rails_An_Introduction/recipefinder/app/views/recipes/index.html.erb:27: syntax error, unexpected keyword_end, expecting ')'):
  app/views/recipes/index.html.erb:21: syntax error, unexpected keyword_end, expecting ')'
  app/views/recipes/index.html.erb:24: syntax error, unexpected keyword_end, expecting ')'
  app/views/recipes/index.html.erb:25: syntax error, unexpected keyword_ensure, expecting ')'
  app/views/recipes/index.html.erb:27: syntax error, unexpected keyword_end, expecting ')'


  Rendered C:/Ruby/lib/ruby/gems/2.2.0/gems/actionpack-4.2.6/lib/action_dispatch/middleware/templates/rescues/_source.erb (1.0ms)
  Rendered C:/Ruby/lib/ruby/gems/2.2.0/gems/actionpack-4.2.6/lib/action_dispatch/middleware/templates/rescues/_trace.html.erb (5.0ms)
  Rendered C:/Ruby/lib/ruby/gems/2.2.0/gems/actionpack-4.2.6/lib/action_dispatch/middleware/templates/rescues/_request_and_response.html.erb (1.0ms)
  Rendered C:/Ruby/lib/ruby/gems/2.2.0/gems/actionpack-4.2.6/lib/action_dispatch/middleware/templates/rescues/diagnostics.html.erb within rescues/layout (1077.2ms)
  Rendered C:/Ruby/lib/ruby/gems/2.2.0/gems/web-console-2.3.0/lib/web_console/templates/_markup.html.erb (1.0ms)
  Rendered C:/Ruby/lib/ruby/gems/2.2.0/gems/web-console-2.3.0/lib/web_console/templates/_inner_console_markup.html.erb within layouts/inlined_string (0.0ms)
  Rendered C:/Ruby/lib/ruby/gems/2.2.0/gems/web-console-2.3.0/lib/web_console/templates/_prompt_box_markup.html.erb within layouts/inlined_string (1.0ms)
  Rendered C:/Ruby/lib/ruby/gems/2.2.0/gems/web-console-2.3.0/lib/web_console/templates/style.css.erb within layouts/inlined_string (0.0ms)
  Rendered C:/Ruby/lib/ruby/gems/2.2.0/gems/web-console-2.3.0/lib/web_console/templates/console.js.erb within layouts/javascript (988.5ms)
  Rendered C:/Ruby/lib/ruby/gems/2.2.0/gems/web-console-2.3.0/lib/web_console/templates/main.js.erb within layouts/javascript (1.0ms)
  Rendered C:/Ruby/lib/ruby/gems/2.2.0/gems/web-console-2.3.0/lib/web_console/templates/error_page.js.erb within layouts/javascript (0.0ms)
  Rendered C:/Ruby/lib/ruby/gems/2.2.0/gems/web-console-2.3.0/lib/web_console/templates/index.html.erb (2249.5ms)


Started GET "/" for ::1 at 2016-06-28 22:18:45 +0300
Processing by RecipesController#index as HTML
  Rendered recipes/index.html.erb within layouts/application (5.0ms)
Completed 200 OK in 1231ms (Views: 336.6ms | ActiveRecord: 0.0ms)


Started GET "/assets/recipes.self-e3b0c44298fc1c149afbf4c8996fb92427ae41e4649b934ca495991b7852b855.css?body=1" for ::1 at 2016-06-28 22:18:47 +0300


Started GET "/assets/application.self-e80e8f2318043e8af94dddc2adad5a4f09739a8ebb323b3ab31cd71d45fd9113.css?body=1" for ::1 at 2016-06-28 22:18:47 +0300


Started GET "/assets/jquery.self-660adc51e0224b731d29f575a6f1ec167ba08ad06ed5deca4f1e8654c135bf4c.js?body=1" for ::1 at 2016-06-28 22:18:47 +0300


Started GET "/assets/jquery_ujs.self-e87806d0cf4489aeb1bb7288016024e8de67fd18db693fe026fe3907581e53cd.js?body=1" for ::1 at 2016-06-28 22:18:47 +0300


Started GET "/assets/turbolinks.self-c37727e9bd6b2735da5c311aa83fead54ed0be6cc8bd9a65309e9c5abe2cbfff.js?body=1" for ::1 at 2016-06-28 22:18:47 +0300


Started GET "/assets/recipes.self-877aef30ae1b040ab8a3aba4e3e309a11d7f2612f44dde450b5c157aa5f95c05.js?body=1" for ::1 at 2016-06-28 22:18:47 +0300


Started GET "/assets/application.self-3b8dabdc891efe46b9a144b400ad69e37d7e5876bdc39dee783419a69d7ca819.js?body=1" for ::1 at 2016-06-28 22:18:47 +0300


Started GET "/" for ::1 at 2016-06-28 22:47:58 +0300
Processing by RecipesController#index as HTML
  Rendered recipes/index.html.erb within layouts/application (10.0ms)
Completed 200 OK in 1313ms (Views: 439.7ms | ActiveRecord: 0.0ms)


Started GET "/assets/recipes.self-e3b0c44298fc1c149afbf4c8996fb92427ae41e4649b934ca495991b7852b855.css?body=1" for ::1 at 2016-06-28 22:48:00 +0300


Started GET "/assets/application.self-e80e8f2318043e8af94dddc2adad5a4f09739a8ebb323b3ab31cd71d45fd9113.css?body=1" for ::1 at 2016-06-28 22:48:00 +0300


Started GET "/assets/jquery.self-660adc51e0224b731d29f575a6f1ec167ba08ad06ed5deca4f1e8654c135bf4c.js?body=1" for ::1 at 2016-06-28 22:48:00 +0300


Started GET "/assets/jquery_ujs.self-e87806d0cf4489aeb1bb7288016024e8de67fd18db693fe026fe3907581e53cd.js?body=1" for ::1 at 2016-06-28 22:48:00 +0300


Started GET "/assets/turbolinks.self-c37727e9bd6b2735da5c311aa83fead54ed0be6cc8bd9a65309e9c5abe2cbfff.js?body=1" for ::1 at 2016-06-28 22:48:00 +0300


Started GET "/assets/recipes.self-877aef30ae1b040ab8a3aba4e3e309a11d7f2612f44dde450b5c157aa5f95c05.js?body=1" for ::1 at 2016-06-28 22:48:00 +0300


Started GET "/assets/application.self-3b8dabdc891efe46b9a144b400ad69e37d7e5876bdc39dee783419a69d7ca819.js?body=1" for ::1 at 2016-06-28 22:48:00 +0300


Started GET "/?search=mocha" for ::1 at 2016-06-28 22:48:58 +0300
Processing by RecipesController#index as HTML
  Parameters: {"search"=>"mocha"}
  Rendered recipes/index.html.erb within layouts/application (0.0ms)
Completed 200 OK in 1874ms (Views: 86.6ms | ActiveRecord: 0.0ms)


Started GET "/assets/recipes.self-e3b0c44298fc1c149afbf4c8996fb92427ae41e4649b934ca495991b7852b855.css?body=1" for ::1 at 2016-06-28 22:49:00 +0300


Started GET "/assets/application.self-e80e8f2318043e8af94dddc2adad5a4f09739a8ebb323b3ab31cd71d45fd9113.css?body=1" for ::1 at 2016-06-28 22:49:00 +0300


Started GET "/assets/recipes.self-877aef30ae1b040ab8a3aba4e3e309a11d7f2612f44dde450b5c157aa5f95c05.js?body=1" for ::1 at 2016-06-28 22:49:00 +0300


Started GET "/assets/application.self-3b8dabdc891efe46b9a144b400ad69e37d7e5876bdc39dee783419a69d7ca819.js?body=1" for ::1 at 2016-06-28 22:49:00 +0300


Started GET "/assets/jquery_ujs.self-e87806d0cf4489aeb1bb7288016024e8de67fd18db693fe026fe3907581e53cd.js?body=1" for ::1 at 2016-06-28 22:49:00 +0300


Started GET "/assets/jquery.self-660adc51e0224b731d29f575a6f1ec167ba08ad06ed5deca4f1e8654c135bf4c.js?body=1" for ::1 at 2016-06-28 22:49:00 +0300


Started GET "/assets/turbolinks.self-c37727e9bd6b2735da5c311aa83fead54ed0be6cc8bd9a65309e9c5abe2cbfff.js?body=1" for ::1 at 2016-06-28 22:49:00 +0300


Started GET "/" for ::1 at 2016-06-28 22:49:06 +0300
Processing by RecipesController#index as HTML
  Rendered recipes/index.html.erb within layouts/application (0.0ms)
Completed 200 OK in 1245ms (Views: 103.7ms | ActiveRecord: 0.0ms)


Started GET "/" for ::1 at 2016-06-28 22:49:13 +0300
Processing by RecipesController#index as HTML
  Rendered recipes/index.html.erb within layouts/application (0.0ms)
Completed 200 OK in 938ms (Views: 84.8ms | ActiveRecord: 0.0ms)


Started GET "/" for ::1 at 2016-06-28 22:49:14 +0300
Processing by RecipesController#index as HTML
  Rendered recipes/index.html.erb within layouts/application (0.0ms)
Completed 200 OK in 1016ms (Views: 151.0ms | ActiveRecord: 0.0ms)


Started GET "/" for ::1 at 2016-06-28 22:49:16 +0300
Processing by RecipesController#index as HTML
  Rendered recipes/index.html.erb within layouts/application (0.0ms)
Completed 200 OK in 906ms (Views: 91.7ms | ActiveRecord: 0.0ms)


Started GET "/" for ::1 at 2016-06-28 22:49:17 +0300
Processing by RecipesController#index as HTML
  Rendered recipes/index.html.erb within layouts/application (0.0ms)
Completed 200 OK in 2337ms (Views: 94.7ms | ActiveRecord: 0.0ms)


Started GET "/" for ::1 at 2016-06-28 22:50:21 +0300
Processing by RecipesController#index as HTML
  Rendered recipes/index.html.erb within layouts/application (4.0ms)
Completed 200 OK in 1233ms (Views: 98.7ms | ActiveRecord: 0.0ms)


Started GET "/assets/recipes.self-e3b0c44298fc1c149afbf4c8996fb92427ae41e4649b934ca495991b7852b855.css?body=1" for ::1 at 2016-06-28 22:50:23 +0300


Started GET "/assets/application.self-e80e8f2318043e8af94dddc2adad5a4f09739a8ebb323b3ab31cd71d45fd9113.css?body=1" for ::1 at 2016-06-28 22:50:23 +0300


Started GET "/assets/jquery.self-660adc51e0224b731d29f575a6f1ec167ba08ad06ed5deca4f1e8654c135bf4c.js?body=1" for ::1 at 2016-06-28 22:50:23 +0300


Started GET "/assets/application.self-3b8dabdc891efe46b9a144b400ad69e37d7e5876bdc39dee783419a69d7ca819.js?body=1" for ::1 at 2016-06-28 22:50:23 +0300


Started GET "/assets/jquery_ujs.self-e87806d0cf4489aeb1bb7288016024e8de67fd18db693fe026fe3907581e53cd.js?body=1" for ::1 at 2016-06-28 22:50:23 +0300


Started GET "/assets/turbolinks.self-c37727e9bd6b2735da5c311aa83fead54ed0be6cc8bd9a65309e9c5abe2cbfff.js?body=1" for ::1 at 2016-06-28 22:50:23 +0300


Started GET "/assets/recipes.self-877aef30ae1b040ab8a3aba4e3e309a11d7f2612f44dde450b5c157aa5f95c05.js?body=1" for ::1 at 2016-06-28 22:50:23 +0300


Started GET "/" for ::1 at 2016-06-28 22:51:09 +0300
Processing by RecipesController#index as HTML
  Rendered recipes/index.html.erb within layouts/application (4.0ms)
Completed 200 OK in 1154ms (Views: 147.7ms | ActiveRecord: 0.0ms)


Started GET "/assets/recipes.self-699320dee9b97135e66cb76c85ee5e5123e1a20e249445e7b865fd9e5d5b0331.css?body=1" for ::1 at 2016-06-28 22:51:10 +0300


Started GET "/assets/application.self-e80e8f2318043e8af94dddc2adad5a4f09739a8ebb323b3ab31cd71d45fd9113.css?body=1" for ::1 at 2016-06-28 22:51:10 +0300


Started GET "/assets/application.self-3b8dabdc891efe46b9a144b400ad69e37d7e5876bdc39dee783419a69d7ca819.js?body=1" for ::1 at 2016-06-28 22:51:10 +0300


Started GET "/assets/jquery.self-660adc51e0224b731d29f575a6f1ec167ba08ad06ed5deca4f1e8654c135bf4c.js?body=1" for ::1 at 2016-06-28 22:51:10 +0300


Started GET "/assets/jquery_ujs.self-e87806d0cf4489aeb1bb7288016024e8de67fd18db693fe026fe3907581e53cd.js?body=1" for ::1 at 2016-06-28 22:51:10 +0300


Started GET "/assets/turbolinks.self-c37727e9bd6b2735da5c311aa83fead54ed0be6cc8bd9a65309e9c5abe2cbfff.js?body=1" for ::1 at 2016-06-28 22:51:10 +0300


Started GET "/assets/recipes.self-877aef30ae1b040ab8a3aba4e3e309a11d7f2612f44dde450b5c157aa5f95c05.js?body=1" for ::1 at 2016-06-28 22:51:10 +0300


Started GET "/" for ::1 at 2016-06-28 22:52:01 +0300
Processing by RecipesController#index as HTML
  Rendered recipes/index.html.erb within layouts/application (3.0ms)
Completed 200 OK in 1262ms (Views: 89.8ms | ActiveRecord: 0.0ms)


Started GET "/assets/recipes.self-699320dee9b97135e66cb76c85ee5e5123e1a20e249445e7b865fd9e5d5b0331.css?body=1" for ::1 at 2016-06-28 22:52:02 +0300


Started GET "/assets/application.self-e80e8f2318043e8af94dddc2adad5a4f09739a8ebb323b3ab31cd71d45fd9113.css?body=1" for ::1 at 2016-06-28 22:52:02 +0300


Started GET "/assets/application.self-3b8dabdc891efe46b9a144b400ad69e37d7e5876bdc39dee783419a69d7ca819.js?body=1" for ::1 at 2016-06-28 22:52:02 +0300


Started GET "/assets/jquery.self-660adc51e0224b731d29f575a6f1ec167ba08ad06ed5deca4f1e8654c135bf4c.js?body=1" for ::1 at 2016-06-28 22:52:02 +0300


Started GET "/assets/jquery_ujs.self-e87806d0cf4489aeb1bb7288016024e8de67fd18db693fe026fe3907581e53cd.js?body=1" for ::1 at 2016-06-28 22:52:02 +0300


Started GET "/assets/turbolinks.self-c37727e9bd6b2735da5c311aa83fead54ed0be6cc8bd9a65309e9c5abe2cbfff.js?body=1" for ::1 at 2016-06-28 22:52:02 +0300


Started GET "/assets/recipes.self-877aef30ae1b040ab8a3aba4e3e309a11d7f2612f44dde450b5c157aa5f95c05.js?body=1" for ::1 at 2016-06-28 22:52:02 +0300


Started GET "/" for ::1 at 2016-06-28 22:52:17 +0300
Processing by RecipesController#index as HTML
  Rendered recipes/index.html.erb within layouts/application (4.0ms)
Completed 200 OK in 1079ms (Views: 92.1ms | ActiveRecord: 0.0ms)


Started GET "/assets/jquery.self-660adc51e0224b731d29f575a6f1ec167ba08ad06ed5deca4f1e8654c135bf4c.js?body=1" for ::1 at 2016-06-28 22:52:18 +0300


Started GET "/assets/recipes.self-699320dee9b97135e66cb76c85ee5e5123e1a20e249445e7b865fd9e5d5b0331.css?body=1" for ::1 at 2016-06-28 22:52:18 +0300


Started GET "/assets/application.self-e80e8f2318043e8af94dddc2adad5a4f09739a8ebb323b3ab31cd71d45fd9113.css?body=1" for ::1 at 2016-06-28 22:52:18 +0300


Started GET "/assets/recipes.self-877aef30ae1b040ab8a3aba4e3e309a11d7f2612f44dde450b5c157aa5f95c05.js?body=1" for ::1 at 2016-06-28 22:52:18 +0300


Started GET "/assets/turbolinks.self-c37727e9bd6b2735da5c311aa83fead54ed0be6cc8bd9a65309e9c5abe2cbfff.js?body=1" for ::1 at 2016-06-28 22:52:18 +0300


Started GET "/assets/jquery_ujs.self-e87806d0cf4489aeb1bb7288016024e8de67fd18db693fe026fe3907581e53cd.js?body=1" for ::1 at 2016-06-28 22:52:18 +0300


Started GET "/assets/application.self-3b8dabdc891efe46b9a144b400ad69e37d7e5876bdc39dee783419a69d7ca819.js?body=1" for ::1 at 2016-06-28 22:52:18 +0300


Started GET "/" for ::1 at 2016-06-28 22:52:31 +0300
Processing by RecipesController#index as HTML
  Rendered recipes/index.html.erb within layouts/application (6.0ms)
Completed 200 OK in 1091ms (Views: 127.4ms | ActiveRecord: 0.0ms)


Started GET "/assets/recipes.self-699320dee9b97135e66cb76c85ee5e5123e1a20e249445e7b865fd9e5d5b0331.css?body=1" for ::1 at 2016-06-28 22:52:33 +0300


Started GET "/assets/turbolinks.self-c37727e9bd6b2735da5c311aa83fead54ed0be6cc8bd9a65309e9c5abe2cbfff.js?body=1" for ::1 at 2016-06-28 22:52:33 +0300


Started GET "/assets/application.self-e80e8f2318043e8af94dddc2adad5a4f09739a8ebb323b3ab31cd71d45fd9113.css?body=1" for ::1 at 2016-06-28 22:52:33 +0300


Started GET "/assets/jquery_ujs.self-e87806d0cf4489aeb1bb7288016024e8de67fd18db693fe026fe3907581e53cd.js?body=1" for ::1 at 2016-06-28 22:52:33 +0300


Started GET "/assets/recipes.self-877aef30ae1b040ab8a3aba4e3e309a11d7f2612f44dde450b5c157aa5f95c05.js?body=1" for ::1 at 2016-06-28 22:52:33 +0300


Started GET "/assets/jquery.self-660adc51e0224b731d29f575a6f1ec167ba08ad06ed5deca4f1e8654c135bf4c.js?body=1" for ::1 at 2016-06-28 22:52:33 +0300


Started GET "/assets/application.self-3b8dabdc891efe46b9a144b400ad69e37d7e5876bdc39dee783419a69d7ca819.js?body=1" for ::1 at 2016-06-28 22:52:33 +0300


Started GET "/" for ::1 at 2016-06-28 22:54:15 +0300
Processing by RecipesController#index as HTML
  Rendered recipes/index.html.erb within layouts/application (7.0ms)
Completed 200 OK in 1129ms (Views: 134.8ms | ActiveRecord: 0.0ms)


Started GET "/assets/recipes.self-699320dee9b97135e66cb76c85ee5e5123e1a20e249445e7b865fd9e5d5b0331.css?body=1" for ::1 at 2016-06-28 22:54:16 +0300


Started GET "/assets/application.self-e80e8f2318043e8af94dddc2adad5a4f09739a8ebb323b3ab31cd71d45fd9113.css?body=1" for ::1 at 2016-06-28 22:54:16 +0300


Started GET "/assets/jquery.self-660adc51e0224b731d29f575a6f1ec167ba08ad06ed5deca4f1e8654c135bf4c.js?body=1" for ::1 at 2016-06-28 22:54:16 +0300


Started GET "/assets/jquery_ujs.self-e87806d0cf4489aeb1bb7288016024e8de67fd18db693fe026fe3907581e53cd.js?body=1" for ::1 at 2016-06-28 22:54:16 +0300


Started GET "/assets/application.self-3b8dabdc891efe46b9a144b400ad69e37d7e5876bdc39dee783419a69d7ca819.js?body=1" for ::1 at 2016-06-28 22:54:16 +0300


Started GET "/assets/turbolinks.self-c37727e9bd6b2735da5c311aa83fead54ed0be6cc8bd9a65309e9c5abe2cbfff.js?body=1" for ::1 at 2016-06-28 22:54:16 +0300


Started GET "/assets/recipes.self-877aef30ae1b040ab8a3aba4e3e309a11d7f2612f44dde450b5c157aa5f95c05.js?body=1" for ::1 at 2016-06-28 22:54:16 +0300


Started GET "/" for ::1 at 2016-06-28 22:54:38 +0300
Processing by RecipesController#index as HTML
  Rendered recipes/index.html.erb within layouts/application (3.0ms)
Completed 200 OK in 1447ms (Views: 128.0ms | ActiveRecord: 0.0ms)


Started GET "/assets/application.self-e80e8f2318043e8af94dddc2adad5a4f09739a8ebb323b3ab31cd71d45fd9113.css?body=1" for ::1 at 2016-06-28 22:54:39 +0300


Started GET "/assets/recipes.self-e3b0c44298fc1c149afbf4c8996fb92427ae41e4649b934ca495991b7852b855.css?body=1" for ::1 at 2016-06-28 22:54:39 +0300


Started GET "/assets/turbolinks.self-c37727e9bd6b2735da5c311aa83fead54ed0be6cc8bd9a65309e9c5abe2cbfff.js?body=1" for ::1 at 2016-06-28 22:54:39 +0300


Started GET "/assets/jquery.self-660adc51e0224b731d29f575a6f1ec167ba08ad06ed5deca4f1e8654c135bf4c.js?body=1" for ::1 at 2016-06-28 22:54:40 +0300


Started GET "/assets/jquery_ujs.self-e87806d0cf4489aeb1bb7288016024e8de67fd18db693fe026fe3907581e53cd.js?body=1" for ::1 at 2016-06-28 22:54:40 +0300


Started GET "/assets/recipes.self-877aef30ae1b040ab8a3aba4e3e309a11d7f2612f44dde450b5c157aa5f95c05.js?body=1" for ::1 at 2016-06-28 22:54:40 +0300


Started GET "/assets/application.self-3b8dabdc891efe46b9a144b400ad69e37d7e5876bdc39dee783419a69d7ca819.js?body=1" for ::1 at 2016-06-28 22:54:40 +0300


Started GET "/" for ::1 at 2016-06-28 22:54:50 +0300
Processing by RecipesController#index as HTML
  Rendered recipes/index.html.erb within layouts/application (3.0ms)
Completed 200 OK in 1261ms (Views: 90.3ms | ActiveRecord: 0.0ms)


Started GET "/assets/recipes.self-e3b0c44298fc1c149afbf4c8996fb92427ae41e4649b934ca495991b7852b855.css?body=1" for ::1 at 2016-06-28 22:54:52 +0300


Started GET "/assets/jquery.self-660adc51e0224b731d29f575a6f1ec167ba08ad06ed5deca4f1e8654c135bf4c.js?body=1" for ::1 at 2016-06-28 22:54:52 +0300


Started GET "/assets/application.self-e80e8f2318043e8af94dddc2adad5a4f09739a8ebb323b3ab31cd71d45fd9113.css?body=1" for ::1 at 2016-06-28 22:54:52 +0300


Started GET "/assets/turbolinks.self-c37727e9bd6b2735da5c311aa83fead54ed0be6cc8bd9a65309e9c5abe2cbfff.js?body=1" for ::1 at 2016-06-28 22:54:52 +0300


Started GET "/assets/jquery_ujs.self-e87806d0cf4489aeb1bb7288016024e8de67fd18db693fe026fe3907581e53cd.js?body=1" for ::1 at 2016-06-28 22:54:52 +0300


Started GET "/assets/recipes.self-877aef30ae1b040ab8a3aba4e3e309a11d7f2612f44dde450b5c157aa5f95c05.js?body=1" for ::1 at 2016-06-28 22:54:52 +0300


Started GET "/assets/application.self-3b8dabdc891efe46b9a144b400ad69e37d7e5876bdc39dee783419a69d7ca819.js?body=1" for ::1 at 2016-06-28 22:54:52 +0300


Started GET "/" for ::1 at 2016-06-28 22:54:54 +0300
Processing by RecipesController#index as HTML
  Rendered recipes/index.html.erb within layouts/application (3.0ms)
Completed 200 OK in 1214ms (Views: 88.7ms | ActiveRecord: 0.0ms)


Started GET "/assets/application.self-e80e8f2318043e8af94dddc2adad5a4f09739a8ebb323b3ab31cd71d45fd9113.css?body=1" for ::1 at 2016-06-28 22:54:55 +0300


Started GET "/assets/jquery_ujs.self-e87806d0cf4489aeb1bb7288016024e8de67fd18db693fe026fe3907581e53cd.js?body=1" for ::1 at 2016-06-28 22:54:55 +0300


Started GET "/assets/turbolinks.self-c37727e9bd6b2735da5c311aa83fead54ed0be6cc8bd9a65309e9c5abe2cbfff.js?body=1" for ::1 at 2016-06-28 22:54:55 +0300


Started GET "/assets/recipes.self-e3b0c44298fc1c149afbf4c8996fb92427ae41e4649b934ca495991b7852b855.css?body=1" for ::1 at 2016-06-28 22:54:55 +0300


Started GET "/assets/recipes.self-877aef30ae1b040ab8a3aba4e3e309a11d7f2612f44dde450b5c157aa5f95c05.js?body=1" for ::1 at 2016-06-28 22:54:55 +0300


Started GET "/assets/jquery.self-660adc51e0224b731d29f575a6f1ec167ba08ad06ed5deca4f1e8654c135bf4c.js?body=1" for ::1 at 2016-06-28 22:54:55 +0300


Started GET "/assets/application.self-3b8dabdc891efe46b9a144b400ad69e37d7e5876bdc39dee783419a69d7ca819.js?body=1" for ::1 at 2016-06-28 22:54:55 +0300


Started GET "/" for ::1 at 2016-06-28 22:55:19 +0300
Processing by RecipesController#index as HTML
  Rendered recipes/index.html.erb within layouts/application (4.0ms)
Completed 200 OK in 1290ms (Views: 98.9ms | ActiveRecord: 0.0ms)


Started GET "/assets/recipes.self-e3b0c44298fc1c149afbf4c8996fb92427ae41e4649b934ca495991b7852b855.css?body=1" for ::1 at 2016-06-28 22:55:20 +0300


Started GET "/assets/application.self-e80e8f2318043e8af94dddc2adad5a4f09739a8ebb323b3ab31cd71d45fd9113.css?body=1" for ::1 at 2016-06-28 22:55:20 +0300


Started GET "/assets/turbolinks.self-c37727e9bd6b2735da5c311aa83fead54ed0be6cc8bd9a65309e9c5abe2cbfff.js?body=1" for ::1 at 2016-06-28 22:55:20 +0300


Started GET "/assets/recipes.self-877aef30ae1b040ab8a3aba4e3e309a11d7f2612f44dde450b5c157aa5f95c05.js?body=1" for ::1 at 2016-06-28 22:55:20 +0300


Started GET "/assets/jquery_ujs.self-e87806d0cf4489aeb1bb7288016024e8de67fd18db693fe026fe3907581e53cd.js?body=1" for ::1 at 2016-06-28 22:55:20 +0300


Started GET "/assets/jquery.self-660adc51e0224b731d29f575a6f1ec167ba08ad06ed5deca4f1e8654c135bf4c.js?body=1" for ::1 at 2016-06-28 22:55:20 +0300


Started GET "/assets/application.self-3b8dabdc891efe46b9a144b400ad69e37d7e5876bdc39dee783419a69d7ca819.js?body=1" for ::1 at 2016-06-28 22:55:20 +0300


Started GET "/" for ::1 at 2016-06-28 22:55:31 +0300
Processing by RecipesController#index as HTML
  Rendered recipes/index.html.erb within layouts/application (3.0ms)
Completed 200 OK in 2323ms (Views: 94.2ms | ActiveRecord: 0.0ms)


Started GET "/assets/application.self-e80e8f2318043e8af94dddc2adad5a4f09739a8ebb323b3ab31cd71d45fd9113.css?body=1" for ::1 at 2016-06-28 22:55:33 +0300


Started GET "/assets/recipes.self-877aef30ae1b040ab8a3aba4e3e309a11d7f2612f44dde450b5c157aa5f95c05.js?body=1" for ::1 at 2016-06-28 22:55:33 +0300


Started GET "/assets/jquery_ujs.self-e87806d0cf4489aeb1bb7288016024e8de67fd18db693fe026fe3907581e53cd.js?body=1" for ::1 at 2016-06-28 22:55:33 +0300


Started GET "/assets/turbolinks.self-c37727e9bd6b2735da5c311aa83fead54ed0be6cc8bd9a65309e9c5abe2cbfff.js?body=1" for ::1 at 2016-06-28 22:55:33 +0300


Started GET "/assets/recipes.self-e3b0c44298fc1c149afbf4c8996fb92427ae41e4649b934ca495991b7852b855.css?body=1" for ::1 at 2016-06-28 22:55:33 +0300


Started GET "/assets/jquery.self-660adc51e0224b731d29f575a6f1ec167ba08ad06ed5deca4f1e8654c135bf4c.js?body=1" for ::1 at 2016-06-28 22:55:33 +0300


Started GET "/assets/application.self-3b8dabdc891efe46b9a144b400ad69e37d7e5876bdc39dee783419a69d7ca819.js?body=1" for ::1 at 2016-06-28 22:55:33 +0300


Started GET "/search=mocha" for ::1 at 2016-06-28 22:56:41 +0300

ActionController::RoutingError (No route matches [GET] "/search=mocha"):
  actionpack (4.2.6) lib/action_dispatch/middleware/debug_exceptions.rb:21:in `call'
  web-console (2.3.0) lib/web_console/middleware.rb:28:in `block in call'
  web-console (2.3.0) lib/web_console/middleware.rb:18:in `catch'
  web-console (2.3.0) lib/web_console/middleware.rb:18:in `call'
  actionpack (4.2.6) lib/action_dispatch/middleware/show_exceptions.rb:30:in `call'
  railties (4.2.6) lib/rails/rack/logger.rb:38:in `call_app'
  railties (4.2.6) lib/rails/rack/logger.rb:20:in `block in call'
  activesupport (4.2.6) lib/active_support/tagged_logging.rb:68:in `block in tagged'
  activesupport (4.2.6) lib/active_support/tagged_logging.rb:26:in `tagged'
  activesupport (4.2.6) lib/active_support/tagged_logging.rb:68:in `tagged'
  railties (4.2.6) lib/rails/rack/logger.rb:20:in `call'
  actionpack (4.2.6) lib/action_dispatch/middleware/request_id.rb:21:in `call'
  rack (1.6.4) lib/rack/methodoverride.rb:22:in `call'
  rack (1.6.4) lib/rack/runtime.rb:18:in `call'
  activesupport (4.2.6) lib/active_support/cache/strategy/local_cache_middleware.rb:28:in `call'
  rack (1.6.4) lib/rack/lock.rb:17:in `call'
  actionpack (4.2.6) lib/action_dispatch/middleware/static.rb:120:in `call'
  rack (1.6.4) lib/rack/sendfile.rb:113:in `call'
  railties (4.2.6) lib/rails/engine.rb:518:in `call'
  railties (4.2.6) lib/rails/application.rb:165:in `call'
  rack (1.6.4) lib/rack/lock.rb:17:in `call'
  rack (1.6.4) lib/rack/content_length.rb:15:in `call'
  rack (1.6.4) lib/rack/handler/webrick.rb:88:in `service'
  C:/Ruby/lib/ruby/2.2.0/webrick/httpserver.rb:138:in `service'
  C:/Ruby/lib/ruby/2.2.0/webrick/httpserver.rb:94:in `run'
  C:/Ruby/lib/ruby/2.2.0/webrick/server.rb:294:in `block in start_thread'


  Rendered C:/Ruby/lib/ruby/gems/2.2.0/gems/actionpack-4.2.6/lib/action_dispatch/middleware/templates/rescues/_trace.html.erb (2.0ms)
  Rendered C:/Ruby/lib/ruby/gems/2.2.0/gems/actionpack-4.2.6/lib/action_dispatch/middleware/templates/routes/_route.html.erb (1.0ms)
  Rendered C:/Ruby/lib/ruby/gems/2.2.0/gems/actionpack-4.2.6/lib/action_dispatch/middleware/templates/routes/_table.html.erb (280.0ms)
  Rendered C:/Ruby/lib/ruby/gems/2.2.0/gems/actionpack-4.2.6/lib/action_dispatch/middleware/templates/rescues/_request_and_response.html.erb (2.0ms)
  Rendered C:/Ruby/lib/ruby/gems/2.2.0/gems/actionpack-4.2.6/lib/action_dispatch/middleware/templates/rescues/routing_error.html.erb within rescues/layout (1927.1ms)
  Rendered C:/Ruby/lib/ruby/gems/2.2.0/gems/web-console-2.3.0/lib/web_console/templates/_markup.html.erb (1.0ms)
  Rendered C:/Ruby/lib/ruby/gems/2.2.0/gems/web-console-2.3.0/lib/web_console/templates/_inner_console_markup.html.erb within layouts/inlined_string (1.0ms)
  Rendered C:/Ruby/lib/ruby/gems/2.2.0/gems/web-console-2.3.0/lib/web_console/templates/_prompt_box_markup.html.erb within layouts/inlined_string (1.0ms)
  Rendered C:/Ruby/lib/ruby/gems/2.2.0/gems/web-console-2.3.0/lib/web_console/templates/style.css.erb within layouts/inlined_string (1.0ms)
  Rendered C:/Ruby/lib/ruby/gems/2.2.0/gems/web-console-2.3.0/lib/web_console/templates/console.js.erb within layouts/javascript (1062.7ms)
  Rendered C:/Ruby/lib/ruby/gems/2.2.0/gems/web-console-2.3.0/lib/web_console/templates/main.js.erb within layouts/javascript (1.0ms)
  Rendered C:/Ruby/lib/ruby/gems/2.2.0/gems/web-console-2.3.0/lib/web_console/templates/error_page.js.erb within layouts/javascript (1.0ms)
  Rendered C:/Ruby/lib/ruby/gems/2.2.0/gems/web-console-2.3.0/lib/web_console/templates/index.html.erb (2506.9ms)


Started GET "/?search=mocha" for ::1 at 2016-06-28 22:56:52 +0300
Processing by RecipesController#index as HTML
  Parameters: {"search"=>"mocha"}
  Rendered recipes/index.html.erb within layouts/application (3.0ms)
Completed 200 OK in 1509ms (Views: 89.2ms | ActiveRecord: 0.0ms)


Started GET "/?search=mocha" for ::1 at 2016-06-28 22:57:13 +0300
Processing by RecipesController#index as HTML
  Parameters: {"search"=>"mocha"}
  Rendered recipes/index.html.erb within layouts/application (3.0ms)
Completed 200 OK in 1454ms (Views: 91.2ms | ActiveRecord: 0.0ms)


Started GET "/assets/recipes.self-e3b0c44298fc1c149afbf4c8996fb92427ae41e4649b934ca495991b7852b855.css?body=1" for ::1 at 2016-06-28 22:57:14 +0300


Started GET "/assets/application.self-e80e8f2318043e8af94dddc2adad5a4f09739a8ebb323b3ab31cd71d45fd9113.css?body=1" for ::1 at 2016-06-28 22:57:14 +0300


Started GET "/assets/jquery.self-660adc51e0224b731d29f575a6f1ec167ba08ad06ed5deca4f1e8654c135bf4c.js?body=1" for ::1 at 2016-06-28 22:57:14 +0300


Started GET "/assets/jquery_ujs.self-e87806d0cf4489aeb1bb7288016024e8de67fd18db693fe026fe3907581e53cd.js?body=1" for ::1 at 2016-06-28 22:57:14 +0300


Started GET "/assets/application.self-3b8dabdc891efe46b9a144b400ad69e37d7e5876bdc39dee783419a69d7ca819.js?body=1" for ::1 at 2016-06-28 22:57:14 +0300


Started GET "/assets/turbolinks.self-c37727e9bd6b2735da5c311aa83fead54ed0be6cc8bd9a65309e9c5abe2cbfff.js?body=1" for ::1 at 2016-06-28 22:57:14 +0300


Started GET "/assets/recipes.self-877aef30ae1b040ab8a3aba4e3e309a11d7f2612f44dde450b5c157aa5f95c05.js?body=1" for ::1 at 2016-06-28 22:57:14 +0300


Started GET "/?search=mocha" for ::1 at 2016-06-28 22:57:43 +0300
Processing by RecipesController#index as HTML
  Parameters: {"search"=>"mocha"}
  Rendered recipes/index.html.erb within layouts/application (3.0ms)
Completed 200 OK in 1402ms (Views: 130.4ms | ActiveRecord: 0.0ms)


Started GET "/assets/recipes.self-fc888988fca065cb12629f045b00a3112d32b5095610d2a95a0eb021732a816f.css?body=1" for ::1 at 2016-06-28 22:57:45 +0300


Started GET "/assets/application.self-e80e8f2318043e8af94dddc2adad5a4f09739a8ebb323b3ab31cd71d45fd9113.css?body=1" for ::1 at 2016-06-28 22:57:45 +0300


Started GET "/assets/jquery.self-660adc51e0224b731d29f575a6f1ec167ba08ad06ed5deca4f1e8654c135bf4c.js?body=1" for ::1 at 2016-06-28 22:57:45 +0300


Started GET "/assets/jquery_ujs.self-e87806d0cf4489aeb1bb7288016024e8de67fd18db693fe026fe3907581e53cd.js?body=1" for ::1 at 2016-06-28 22:57:45 +0300


Started GET "/assets/turbolinks.self-c37727e9bd6b2735da5c311aa83fead54ed0be6cc8bd9a65309e9c5abe2cbfff.js?body=1" for ::1 at 2016-06-28 22:57:45 +0300


Started GET "/assets/recipes.self-877aef30ae1b040ab8a3aba4e3e309a11d7f2612f44dde450b5c157aa5f95c05.js?body=1" for ::1 at 2016-06-28 22:57:45 +0300


Started GET "/assets/application.self-3b8dabdc891efe46b9a144b400ad69e37d7e5876bdc39dee783419a69d7ca819.js?body=1" for ::1 at 2016-06-28 22:57:45 +0300


Started GET "/?search=mocha" for ::1 at 2016-06-28 22:58:34 +0300
Processing by RecipesController#index as HTML
  Parameters: {"search"=>"mocha"}
  Rendered recipes/index.html.erb within layouts/application (9.0ms)
Completed 200 OK in 1432ms (Views: 143.6ms | ActiveRecord: 0.0ms)


Started GET "/assets/recipes.self-539d2eb78a2227fee04e871e644fb41d8fd797608d147e23f06f895e140d3004.css?body=1" for ::1 at 2016-06-28 22:58:36 +0300


Started GET "/assets/application.self-e80e8f2318043e8af94dddc2adad5a4f09739a8ebb323b3ab31cd71d45fd9113.css?body=1" for ::1 at 2016-06-28 22:58:36 +0300


Started GET "/assets/turbolinks.self-c37727e9bd6b2735da5c311aa83fead54ed0be6cc8bd9a65309e9c5abe2cbfff.js?body=1" for ::1 at 2016-06-28 22:58:36 +0300


Started GET "/assets/jquery_ujs.self-e87806d0cf4489aeb1bb7288016024e8de67fd18db693fe026fe3907581e53cd.js?body=1" for ::1 at 2016-06-28 22:58:36 +0300


Started GET "/assets/jquery.self-660adc51e0224b731d29f575a6f1ec167ba08ad06ed5deca4f1e8654c135bf4c.js?body=1" for ::1 at 2016-06-28 22:58:36 +0300


Started GET "/assets/recipes.self-877aef30ae1b040ab8a3aba4e3e309a11d7f2612f44dde450b5c157aa5f95c05.js?body=1" for ::1 at 2016-06-28 22:58:36 +0300


Started GET "/assets/application.self-3b8dabdc891efe46b9a144b400ad69e37d7e5876bdc39dee783419a69d7ca819.js?body=1" for ::1 at 2016-06-28 22:58:36 +0300


Started GET "/?search=mocha" for ::1 at 2016-06-28 23:00:03 +0300
Processing by RecipesController#index as HTML
  Parameters: {"search"=>"mocha"}
  Rendered recipes/index.html.erb within layouts/application (3.0ms)
Completed 200 OK in 1705ms (Views: 94.8ms | ActiveRecord: 0.0ms)


Started GET "/assets/recipes.self-fc888988fca065cb12629f045b00a3112d32b5095610d2a95a0eb021732a816f.css?body=1" for ::1 at 2016-06-28 23:00:05 +0300


Started GET "/assets/jquery.self-660adc51e0224b731d29f575a6f1ec167ba08ad06ed5deca4f1e8654c135bf4c.js?body=1" for ::1 at 2016-06-28 23:00:05 +0300


Started GET "/assets/application.self-e80e8f2318043e8af94dddc2adad5a4f09739a8ebb323b3ab31cd71d45fd9113.css?body=1" for ::1 at 2016-06-28 23:00:05 +0300


Started GET "/assets/jquery_ujs.self-e87806d0cf4489aeb1bb7288016024e8de67fd18db693fe026fe3907581e53cd.js?body=1" for ::1 at 2016-06-28 23:00:05 +0300


Started GET "/assets/turbolinks.self-c37727e9bd6b2735da5c311aa83fead54ed0be6cc8bd9a65309e9c5abe2cbfff.js?body=1" for ::1 at 2016-06-28 23:00:05 +0300


Started GET "/assets/recipes.self-877aef30ae1b040ab8a3aba4e3e309a11d7f2612f44dde450b5c157aa5f95c05.js?body=1" for ::1 at 2016-06-28 23:00:05 +0300


Started GET "/assets/application.self-3b8dabdc891efe46b9a144b400ad69e37d7e5876bdc39dee783419a69d7ca819.js?body=1" for ::1 at 2016-06-28 23:00:05 +0300


Started GET "/?search=mocha" for ::1 at 2016-06-28 23:00:24 +0300
Processing by RecipesController#index as HTML
  Parameters: {"search"=>"mocha"}
  Rendered recipes/index.html.erb within layouts/application (4.0ms)
Completed 200 OK in 1408ms (Views: 135.0ms | ActiveRecord: 0.0ms)


Started GET "/assets/recipes.self-c7b7962ff75c5ab3e1d2fa69be51930a1e37976f41b68777f91b6921d4fe6797.css?body=1" for ::1 at 2016-06-28 23:00:26 +0300


Started GET "/assets/recipes.self-877aef30ae1b040ab8a3aba4e3e309a11d7f2612f44dde450b5c157aa5f95c05.js?body=1" for ::1 at 2016-06-28 23:00:26 +0300


Started GET "/assets/jquery.self-660adc51e0224b731d29f575a6f1ec167ba08ad06ed5deca4f1e8654c135bf4c.js?body=1" for ::1 at 2016-06-28 23:00:26 +0300


Started GET "/assets/jquery_ujs.self-e87806d0cf4489aeb1bb7288016024e8de67fd18db693fe026fe3907581e53cd.js?body=1" for ::1 at 2016-06-28 23:00:26 +0300


Started GET "/assets/turbolinks.self-c37727e9bd6b2735da5c311aa83fead54ed0be6cc8bd9a65309e9c5abe2cbfff.js?body=1" for ::1 at 2016-06-28 23:00:26 +0300


Started GET "/assets/application.self-e80e8f2318043e8af94dddc2adad5a4f09739a8ebb323b3ab31cd71d45fd9113.css?body=1" for ::1 at 2016-06-28 23:00:26 +0300


Started GET "/assets/application.self-3b8dabdc891efe46b9a144b400ad69e37d7e5876bdc39dee783419a69d7ca819.js?body=1" for ::1 at 2016-06-28 23:00:26 +0300


Started GET "/?search=mocha" for ::1 at 2016-06-28 23:00:36 +0300
Processing by RecipesController#index as HTML
  Parameters: {"search"=>"mocha"}
  Rendered recipes/index.html.erb within layouts/application (3.0ms)
Completed 200 OK in 1403ms (Views: 129.5ms | ActiveRecord: 0.0ms)


Started GET "/assets/jquery.self-660adc51e0224b731d29f575a6f1ec167ba08ad06ed5deca4f1e8654c135bf4c.js?body=1" for ::1 at 2016-06-28 23:00:38 +0300


Started GET "/assets/application.self-e80e8f2318043e8af94dddc2adad5a4f09739a8ebb323b3ab31cd71d45fd9113.css?body=1" for ::1 at 2016-06-28 23:00:38 +0300


Started GET "/assets/recipes.self-84772d494c25af16a04bf991f86bfe60c916badb8bbb8fe5c3c4ba3859ea3784.css?body=1" for ::1 at 2016-06-28 23:00:38 +0300


Started GET "/assets/recipes.self-877aef30ae1b040ab8a3aba4e3e309a11d7f2612f44dde450b5c157aa5f95c05.js?body=1" for ::1 at 2016-06-28 23:00:38 +0300


Started GET "/assets/jquery_ujs.self-e87806d0cf4489aeb1bb7288016024e8de67fd18db693fe026fe3907581e53cd.js?body=1" for ::1 at 2016-06-28 23:00:38 +0300


Started GET "/assets/turbolinks.self-c37727e9bd6b2735da5c311aa83fead54ed0be6cc8bd9a65309e9c5abe2cbfff.js?body=1" for ::1 at 2016-06-28 23:00:38 +0300


Started GET "/assets/application.self-3b8dabdc891efe46b9a144b400ad69e37d7e5876bdc39dee783419a69d7ca819.js?body=1" for ::1 at 2016-06-28 23:00:38 +0300


Started GET "/?search=mocha" for ::1 at 2016-06-28 23:01:42 +0300
Processing by RecipesController#index as HTML
  Parameters: {"search"=>"mocha"}
  Rendered recipes/index.html.erb within layouts/application (3.0ms)
Completed 200 OK in 1268ms (Views: 131.5ms | ActiveRecord: 0.0ms)


Started GET "/assets/recipes.self-2c88c974e7531d8b2766d4e2a8a47857774d1c70118d62d996faf6512ebb8523.css?body=1" for ::1 at 2016-06-28 23:01:43 +0300


Started GET "/assets/application.self-e80e8f2318043e8af94dddc2adad5a4f09739a8ebb323b3ab31cd71d45fd9113.css?body=1" for ::1 at 2016-06-28 23:01:43 +0300


Started GET "/assets/application.self-3b8dabdc891efe46b9a144b400ad69e37d7e5876bdc39dee783419a69d7ca819.js?body=1" for ::1 at 2016-06-28 23:01:43 +0300


Started GET "/assets/jquery.self-660adc51e0224b731d29f575a6f1ec167ba08ad06ed5deca4f1e8654c135bf4c.js?body=1" for ::1 at 2016-06-28 23:01:43 +0300


Started GET "/assets/jquery_ujs.self-e87806d0cf4489aeb1bb7288016024e8de67fd18db693fe026fe3907581e53cd.js?body=1" for ::1 at 2016-06-28 23:01:43 +0300


Started GET "/assets/turbolinks.self-c37727e9bd6b2735da5c311aa83fead54ed0be6cc8bd9a65309e9c5abe2cbfff.js?body=1" for ::1 at 2016-06-28 23:01:43 +0300


Started GET "/assets/recipes.self-877aef30ae1b040ab8a3aba4e3e309a11d7f2612f44dde450b5c157aa5f95c05.js?body=1" for ::1 at 2016-06-28 23:01:43 +0300


Started GET "/?search=mocha" for ::1 at 2016-06-28 23:02:26 +0300
Processing by RecipesController#index as HTML
  Parameters: {"search"=>"mocha"}
  Rendered recipes/index.html.erb within layouts/application (4.0ms)
Completed 200 OK in 1617ms (Views: 136.2ms | ActiveRecord: 0.0ms)


Started GET "/assets/recipes.self-3309fde20383fe260f0be164a310e55d51fb3d28641a889413323b9de0da42df.css?body=1" for ::1 at 2016-06-28 23:02:27 +0300


Started GET "/assets/application.self-e80e8f2318043e8af94dddc2adad5a4f09739a8ebb323b3ab31cd71d45fd9113.css?body=1" for ::1 at 2016-06-28 23:02:28 +0300


Started GET "/assets/turbolinks.self-c37727e9bd6b2735da5c311aa83fead54ed0be6cc8bd9a65309e9c5abe2cbfff.js?body=1" for ::1 at 2016-06-28 23:02:28 +0300


Started GET "/assets/jquery_ujs.self-e87806d0cf4489aeb1bb7288016024e8de67fd18db693fe026fe3907581e53cd.js?body=1" for ::1 at 2016-06-28 23:02:28 +0300


Started GET "/assets/jquery.self-660adc51e0224b731d29f575a6f1ec167ba08ad06ed5deca4f1e8654c135bf4c.js?body=1" for ::1 at 2016-06-28 23:02:28 +0300


Started GET "/assets/recipes.self-877aef30ae1b040ab8a3aba4e3e309a11d7f2612f44dde450b5c157aa5f95c05.js?body=1" for ::1 at 2016-06-28 23:02:28 +0300


Started GET "/assets/application.self-3b8dabdc891efe46b9a144b400ad69e37d7e5876bdc39dee783419a69d7ca819.js?body=1" for ::1 at 2016-06-28 23:02:28 +0300


Started GET "/?search=mocha" for ::1 at 2016-06-28 23:02:39 +0300
Processing by RecipesController#index as HTML
  Parameters: {"search"=>"mocha"}
  Rendered recipes/index.html.erb within layouts/application (3.0ms)
Completed 200 OK in 1230ms (Views: 143.3ms | ActiveRecord: 0.0ms)


Started GET "/assets/jquery_ujs.self-e87806d0cf4489aeb1bb7288016024e8de67fd18db693fe026fe3907581e53cd.js?body=1" for ::1 at 2016-06-28 23:02:40 +0300


Started GET "/assets/jquery.self-660adc51e0224b731d29f575a6f1ec167ba08ad06ed5deca4f1e8654c135bf4c.js?body=1" for ::1 at 2016-06-28 23:02:40 +0300


Started GET "/assets/application.self-e80e8f2318043e8af94dddc2adad5a4f09739a8ebb323b3ab31cd71d45fd9113.css?body=1" for ::1 at 2016-06-28 23:02:40 +0300


Started GET "/assets/recipes.self-cd322645400dceeb7b8c833949f7bd7b2e5e52ee564ad28ce1c62ff849b67664.css?body=1" for ::1 at 2016-06-28 23:02:40 +0300


Started GET "/assets/turbolinks.self-c37727e9bd6b2735da5c311aa83fead54ed0be6cc8bd9a65309e9c5abe2cbfff.js?body=1" for ::1 at 2016-06-28 23:02:40 +0300


Started GET "/assets/recipes.self-877aef30ae1b040ab8a3aba4e3e309a11d7f2612f44dde450b5c157aa5f95c05.js?body=1" for ::1 at 2016-06-28 23:02:40 +0300


Started GET "/assets/application.self-3b8dabdc891efe46b9a144b400ad69e37d7e5876bdc39dee783419a69d7ca819.js?body=1" for ::1 at 2016-06-28 23:02:40 +0300


Started GET "/?search=mocha" for ::1 at 2016-06-28 23:03:01 +0300
Processing by RecipesController#index as HTML
  Parameters: {"search"=>"mocha"}
  Rendered recipes/index.html.erb within layouts/application (3.0ms)
Completed 200 OK in 1178ms (Views: 90.0ms | ActiveRecord: 0.0ms)


Started GET "/assets/application.self-e80e8f2318043e8af94dddc2adad5a4f09739a8ebb323b3ab31cd71d45fd9113.css?body=1" for ::1 at 2016-06-28 23:03:02 +0300


Started GET "/assets/turbolinks.self-c37727e9bd6b2735da5c311aa83fead54ed0be6cc8bd9a65309e9c5abe2cbfff.js?body=1" for ::1 at 2016-06-28 23:03:02 +0300


Started GET "/assets/jquery.self-660adc51e0224b731d29f575a6f1ec167ba08ad06ed5deca4f1e8654c135bf4c.js?body=1" for ::1 at 2016-06-28 23:03:02 +0300


Started GET "/assets/jquery_ujs.self-e87806d0cf4489aeb1bb7288016024e8de67fd18db693fe026fe3907581e53cd.js?body=1" for ::1 at 2016-06-28 23:03:02 +0300


Started GET "/assets/recipes.self-cd322645400dceeb7b8c833949f7bd7b2e5e52ee564ad28ce1c62ff849b67664.css?body=1" for ::1 at 2016-06-28 23:03:02 +0300


Started GET "/assets/recipes.self-877aef30ae1b040ab8a3aba4e3e309a11d7f2612f44dde450b5c157aa5f95c05.js?body=1" for ::1 at 2016-06-28 23:03:02 +0300


Started GET "/assets/application.self-3b8dabdc891efe46b9a144b400ad69e37d7e5876bdc39dee783419a69d7ca819.js?body=1" for ::1 at 2016-06-28 23:03:02 +0300


Started GET "/?search=mocha" for ::1 at 2016-06-28 23:03:30 +0300
Processing by RecipesController#index as HTML
  Parameters: {"search"=>"mocha"}
  Rendered recipes/index.html.erb within layouts/application (3.0ms)
Completed 200 OK in 1401ms (Views: 131.5ms | ActiveRecord: 0.0ms)


Started GET "/assets/turbolinks.self-c37727e9bd6b2735da5c311aa83fead54ed0be6cc8bd9a65309e9c5abe2cbfff.js?body=1" for ::1 at 2016-06-28 23:03:32 +0300


Started GET "/assets/jquery_ujs.self-e87806d0cf4489aeb1bb7288016024e8de67fd18db693fe026fe3907581e53cd.js?body=1" for ::1 at 2016-06-28 23:03:32 +0300


Started GET "/assets/recipes.self-f3ce0802db159298418e117ec0ab1cc2735d70139f9f4562236fda5ec163c68c.css?body=1" for ::1 at 2016-06-28 23:03:32 +0300


Started GET "/assets/application.self-e80e8f2318043e8af94dddc2adad5a4f09739a8ebb323b3ab31cd71d45fd9113.css?body=1" for ::1 at 2016-06-28 23:03:32 +0300


Started GET "/assets/jquery.self-660adc51e0224b731d29f575a6f1ec167ba08ad06ed5deca4f1e8654c135bf4c.js?body=1" for ::1 at 2016-06-28 23:03:32 +0300


Started GET "/assets/recipes.self-877aef30ae1b040ab8a3aba4e3e309a11d7f2612f44dde450b5c157aa5f95c05.js?body=1" for ::1 at 2016-06-28 23:03:32 +0300


Started GET "/assets/application.self-3b8dabdc891efe46b9a144b400ad69e37d7e5876bdc39dee783419a69d7ca819.js?body=1" for ::1 at 2016-06-28 23:03:32 +0300


Started GET "/?search=mocha" for ::1 at 2016-06-28 23:04:38 +0300
Processing by RecipesController#index as HTML
  Parameters: {"search"=>"mocha"}
  Rendered recipes/index.html.erb within layouts/application (3.0ms)
Completed 200 OK in 1178ms (Views: 132.7ms | ActiveRecord: 0.0ms)


Started GET "/assets/recipes.self-6a89aca0eae774baa1ee0090e4948b4bb23f89418d1a44195c7bbced83215d5c.css?body=1" for ::1 at 2016-06-28 23:04:40 +0300


Started GET "/assets/application.self-e80e8f2318043e8af94dddc2adad5a4f09739a8ebb323b3ab31cd71d45fd9113.css?body=1" for ::1 at 2016-06-28 23:04:40 +0300


Started GET "/assets/jquery.self-660adc51e0224b731d29f575a6f1ec167ba08ad06ed5deca4f1e8654c135bf4c.js?body=1" for ::1 at 2016-06-28 23:04:40 +0300


Started GET "/assets/jquery_ujs.self-e87806d0cf4489aeb1bb7288016024e8de67fd18db693fe026fe3907581e53cd.js?body=1" for ::1 at 2016-06-28 23:04:40 +0300


Started GET "/assets/turbolinks.self-c37727e9bd6b2735da5c311aa83fead54ed0be6cc8bd9a65309e9c5abe2cbfff.js?body=1" for ::1 at 2016-06-28 23:04:40 +0300


Started GET "/assets/recipes.self-877aef30ae1b040ab8a3aba4e3e309a11d7f2612f44dde450b5c157aa5f95c05.js?body=1" for ::1 at 2016-06-28 23:04:40 +0300


Started GET "/assets/application.self-3b8dabdc891efe46b9a144b400ad69e37d7e5876bdc39dee783419a69d7ca819.js?body=1" for ::1 at 2016-06-28 23:04:40 +0300


Started GET "/?search=mocha" for ::1 at 2016-06-28 23:04:57 +0300
Processing by RecipesController#index as HTML
  Parameters: {"search"=>"mocha"}
  Rendered recipes/index.html.erb within layouts/application (2.0ms)
Completed 200 OK in 1484ms (Views: 161.6ms | ActiveRecord: 0.0ms)


Started GET "/assets/application.self-e80e8f2318043e8af94dddc2adad5a4f09739a8ebb323b3ab31cd71d45fd9113.css?body=1" for ::1 at 2016-06-28 23:04:59 +0300


Started GET "/assets/jquery_ujs.self-e87806d0cf4489aeb1bb7288016024e8de67fd18db693fe026fe3907581e53cd.js?body=1" for ::1 at 2016-06-28 23:04:59 +0300


Started GET "/assets/turbolinks.self-c37727e9bd6b2735da5c311aa83fead54ed0be6cc8bd9a65309e9c5abe2cbfff.js?body=1" for ::1 at 2016-06-28 23:04:59 +0300


Started GET "/assets/recipes.self-877aef30ae1b040ab8a3aba4e3e309a11d7f2612f44dde450b5c157aa5f95c05.js?body=1" for ::1 at 2016-06-28 23:04:59 +0300


Started GET "/assets/jquery.self-660adc51e0224b731d29f575a6f1ec167ba08ad06ed5deca4f1e8654c135bf4c.js?body=1" for ::1 at 2016-06-28 23:04:59 +0300


Started GET "/assets/recipes.self-15e66b2c06d332b334f2ee9efba022bad43b9f326b69bd3b91a967a0b786ac6f.css?body=1" for ::1 at 2016-06-28 23:04:59 +0300


Started GET "/assets/application.self-3b8dabdc891efe46b9a144b400ad69e37d7e5876bdc39dee783419a69d7ca819.js?body=1" for ::1 at 2016-06-28 23:04:59 +0300


Started GET "/?search=mocha" for ::1 at 2016-06-28 23:05:22 +0300
Processing by RecipesController#index as HTML
  Parameters: {"search"=>"mocha"}
  Rendered recipes/index.html.erb within layouts/application (0.0ms)
Completed 200 OK in 2420ms (Views: 88.4ms | ActiveRecord: 0.0ms)


Started GET "/assets/recipes.self-15e66b2c06d332b334f2ee9efba022bad43b9f326b69bd3b91a967a0b786ac6f.css?body=1" for ::1 at 2016-06-28 23:05:24 +0300


Started GET "/assets/application.self-e80e8f2318043e8af94dddc2adad5a4f09739a8ebb323b3ab31cd71d45fd9113.css?body=1" for ::1 at 2016-06-28 23:05:24 +0300


Started GET "/assets/jquery.self-660adc51e0224b731d29f575a6f1ec167ba08ad06ed5deca4f1e8654c135bf4c.js?body=1" for ::1 at 2016-06-28 23:05:24 +0300


Started GET "/assets/jquery_ujs.self-e87806d0cf4489aeb1bb7288016024e8de67fd18db693fe026fe3907581e53cd.js?body=1" for ::1 at 2016-06-28 23:05:24 +0300


Started GET "/assets/application.self-3b8dabdc891efe46b9a144b400ad69e37d7e5876bdc39dee783419a69d7ca819.js?body=1" for ::1 at 2016-06-28 23:05:24 +0300


Started GET "/assets/turbolinks.self-c37727e9bd6b2735da5c311aa83fead54ed0be6cc8bd9a65309e9c5abe2cbfff.js?body=1" for ::1 at 2016-06-28 23:05:24 +0300


Started GET "/assets/recipes.self-877aef30ae1b040ab8a3aba4e3e309a11d7f2612f44dde450b5c157aa5f95c05.js?body=1" for ::1 at 2016-06-28 23:05:24 +0300


Started GET "/" for ::1 at 2016-06-28 23:05:29 +0300
Processing by RecipesController#index as HTML
  Rendered recipes/index.html.erb within layouts/application (0.0ms)
Completed 200 OK in 873ms (Views: 83.6ms | ActiveRecord: 0.0ms)


Started GET "/" for ::1 at 2016-06-28 23:05:37 +0300
Processing by RecipesController#index as HTML
  Rendered recipes/index.html.erb within layouts/application (0.0ms)
Completed 200 OK in 919ms (Views: 89.3ms | ActiveRecord: 0.0ms)


Started GET "/" for ::1 at 2016-06-28 23:05:38 +0300
Processing by RecipesController#index as HTML
  Rendered recipes/index.html.erb within layouts/application (0.0ms)
Completed 200 OK in 929ms (Views: 96.9ms | ActiveRecord: 0.0ms)


Started GET "/" for ::1 at 2016-06-28 23:05:39 +0300
Processing by RecipesController#index as HTML
  Rendered recipes/index.html.erb within layouts/application (0.0ms)
Completed 200 OK in 924ms (Views: 80.8ms | ActiveRecord: 0.0ms)


Started GET "/" for ::1 at 2016-06-28 23:05:41 +0300
Processing by RecipesController#index as HTML
  Rendered recipes/index.html.erb within layouts/application (0.0ms)
Completed 200 OK in 1493ms (Views: 86.3ms | ActiveRecord: 0.0ms)


Started GET "/?search=spiked" for ::1 at 2016-06-28 23:06:07 +0300
Processing by RecipesController#index as HTML
  Parameters: {"search"=>"spiked"}
  Rendered recipes/index.html.erb within layouts/application (2.0ms)
Completed 200 OK in 1403ms (Views: 87.6ms | ActiveRecord: 0.0ms)


Started GET "/?search=kahlua-spiked" for ::1 at 2016-06-28 23:07:00 +0300
Processing by RecipesController#index as HTML
  Parameters: {"search"=>"kahlua-spiked"}
  Rendered recipes/index.html.erb within layouts/application (0.0ms)
Completed 200 OK in 566ms (Views: 88.3ms | ActiveRecord: 0.0ms)


Started GET "/?search=kahlua" for ::1 at 2016-06-28 23:07:11 +0300
Processing by RecipesController#index as HTML
  Parameters: {"search"=>"kahlua"}
  Rendered recipes/index.html.erb within layouts/application (9.0ms)
Completed 200 OK in 1563ms (Views: 93.4ms | ActiveRecord: 0.0ms)


Started GET "/?search=mocha" for ::1 at 2016-06-28 23:07:35 +0300
Processing by RecipesController#index as HTML
  Parameters: {"search"=>"mocha"}
  Rendered recipes/index.html.erb within layouts/application (2.0ms)
Completed 200 OK in 1190ms (Views: 101.8ms | ActiveRecord: 0.0ms)


Started GET "/?search=mocha" for ::1 at 2016-06-28 23:09:12 +0300
Processing by RecipesController#index as HTML
  Parameters: {"search"=>"mocha"}
  Rendered recipes/index.html.erb within layouts/application (0.0ms)
Completed 200 OK in 2399ms (Views: 84.0ms | ActiveRecord: 0.0ms)


Started GET "/assets/recipes.self-15e66b2c06d332b334f2ee9efba022bad43b9f326b69bd3b91a967a0b786ac6f.css?body=1" for ::1 at 2016-06-28 23:09:15 +0300


Started GET "/assets/application.self-3b8dabdc891efe46b9a144b400ad69e37d7e5876bdc39dee783419a69d7ca819.js?body=1" for ::1 at 2016-06-28 23:09:15 +0300


Started GET "/assets/application.self-e80e8f2318043e8af94dddc2adad5a4f09739a8ebb323b3ab31cd71d45fd9113.css?body=1" for ::1 at 2016-06-28 23:09:15 +0300


Started GET "/assets/jquery.self-660adc51e0224b731d29f575a6f1ec167ba08ad06ed5deca4f1e8654c135bf4c.js?body=1" for ::1 at 2016-06-28 23:09:15 +0300


Started GET "/assets/jquery_ujs.self-e87806d0cf4489aeb1bb7288016024e8de67fd18db693fe026fe3907581e53cd.js?body=1" for ::1 at 2016-06-28 23:09:15 +0300


Started GET "/assets/turbolinks.self-c37727e9bd6b2735da5c311aa83fead54ed0be6cc8bd9a65309e9c5abe2cbfff.js?body=1" for ::1 at 2016-06-28 23:09:15 +0300


Started GET "/assets/recipes.self-877aef30ae1b040ab8a3aba4e3e309a11d7f2612f44dde450b5c157aa5f95c05.js?body=1" for ::1 at 2016-06-28 23:09:15 +0300


Started GET "/" for ::1 at 2016-06-28 23:09:17 +0300
Processing by RecipesController#index as HTML
  Rendered recipes/index.html.erb within layouts/application (0.0ms)
Completed 200 OK in 934ms (Views: 83.5ms | ActiveRecord: 0.0ms)


Started GET "/" for ::1 at 2016-06-28 23:09:20 +0300
Processing by RecipesController#index as HTML
  Rendered recipes/index.html.erb within layouts/application (0.0ms)
Completed 200 OK in 906ms (Views: 88.7ms | ActiveRecord: 0.0ms)


Started GET "/" for ::1 at 2016-06-28 23:09:21 +0300
Processing by RecipesController#index as HTML
  Rendered recipes/index.html.erb within layouts/application (0.0ms)
Completed 200 OK in 1804ms (Views: 82.0ms | ActiveRecord: 0.0ms)


Started GET "/" for ::1 at 2016-06-28 23:09:24 +0300
Processing by RecipesController#index as HTML
  Rendered recipes/index.html.erb within layouts/application (15.6ms)
Completed 200 OK in 3873ms (Views: 92.4ms | ActiveRecord: 0.0ms)


Started GET "/" for ::1 at 2016-06-28 23:09:28 +0300
Processing by RecipesController#index as HTML
  Rendered recipes/index.html.erb within layouts/application (0.0ms)
Completed 200 OK in 922ms (Views: 83.0ms | ActiveRecord: 0.0ms)


Started GET "/?search=mocha" for ::1 at 2016-06-28 23:28:03 +0300
Processing by RecipesController#index as HTML
  Parameters: {"search"=>"mocha"}
  Rendered recipes/index.html.erb within layouts/application (3.0ms)
Completed 200 OK in 1172ms (Views: 89.8ms | ActiveRecord: 0.0ms)


Started GET "/assets/recipes.self-15e66b2c06d332b334f2ee9efba022bad43b9f326b69bd3b91a967a0b786ac6f.css?body=1" for ::1 at 2016-06-28 23:28:04 +0300


Started GET "/assets/application.self-e80e8f2318043e8af94dddc2adad5a4f09739a8ebb323b3ab31cd71d45fd9113.css?body=1" for ::1 at 2016-06-28 23:28:04 +0300


Started GET "/assets/jquery.self-660adc51e0224b731d29f575a6f1ec167ba08ad06ed5deca4f1e8654c135bf4c.js?body=1" for ::1 at 2016-06-28 23:28:04 +0300


Started GET "/assets/jquery_ujs.self-e87806d0cf4489aeb1bb7288016024e8de67fd18db693fe026fe3907581e53cd.js?body=1" for ::1 at 2016-06-28 23:28:04 +0300


Started GET "/assets/turbolinks.self-c37727e9bd6b2735da5c311aa83fead54ed0be6cc8bd9a65309e9c5abe2cbfff.js?body=1" for ::1 at 2016-06-28 23:28:04 +0300


Started GET "/assets/application.self-3b8dabdc891efe46b9a144b400ad69e37d7e5876bdc39dee783419a69d7ca819.js?body=1" for ::1 at 2016-06-28 23:28:04 +0300


Started GET "/assets/recipes.self-877aef30ae1b040ab8a3aba4e3e309a11d7f2612f44dde450b5c157aa5f95c05.js?body=1" for ::1 at 2016-06-28 23:28:04 +0300


Started GET "/?search=cheese" for ::1 at 2016-06-28 23:28:09 +0300
Processing by RecipesController#index as HTML
  Parameters: {"search"=>"cheese"}
  Rendered recipes/index.html.erb within layouts/application (3.0ms)
Completed 200 OK in 1304ms (Views: 98.4ms | ActiveRecord: 0.0ms)
